<?xml version="1.0" encoding="UTF-8"?>
<testsuite xmlns:xsi="http://www.w3.org/2001/XMLSchema-instance" xsi:noNamespaceSchemaLocation="https://maven.apache.org/surefire/maven-surefire-plugin/xsd/surefire-test-report-3.0.xsd" version="3.0" name="runners.KarateApiTest" time="1.592" tests="4" errors="0" skipped="0" failures="0">
  <properties>
[...]
</properties>
  <testcase name="[8:103] Consent record create and list should work" classname="features/inscricoes-upsert" time="0.256">
    <system-out><![CDATA[16:18:41.627 [main] DEBUG com.intuit.karate.Suite -- [config] classpath:karate-config.js
16:18:42.194 [main] DEBUG com.jayway.jsonpath.internal.path.CompiledPath -- Evaluating path: $
16:18:42.204 [main] DEBUG io.netty.util.internal.logging.InternalLoggerFactory -- Using SLF4J as the default logging framework
16:18:42.205 [main] DEBUG io.netty.util.internal.PlatformDependent0 -- -Dio.netty.noUnsafe: false
16:18:42.205 [main] DEBUG io.netty.util.internal.PlatformDependent0 -- Java version: 25
16:18:42.205 [main] DEBUG io.netty.util.internal.PlatformDependent0 -- sun.misc.Unsafe.theUnsafe: available
16:18:42.206 [main] DEBUG io.netty.util.internal.PlatformDependent0 -- sun.misc.Unsafe.copyMemory: available
16:18:42.206 [main] DEBUG io.netty.util.internal.PlatformDependent0 -- sun.misc.Unsafe.storeFence: available
16:18:42.206 [main] DEBUG io.netty.util.internal.PlatformDependent0 -- java.nio.Buffer.address: available
16:18:42.206 [main] DEBUG io.netty.util.internal.PlatformDependent0 -- direct buffer constructor: unavailable: Reflective setAccessible(true) disabled
16:18:42.206 [main] DEBUG io.netty.util.internal.PlatformDependent0 -- java.nio.Bits.unaligned: available, true
16:18:42.207 [main] DEBUG io.netty.util.internal.PlatformDependent0 -- jdk.internal.misc.Unsafe.allocateUninitializedArray(int): unavailable: class io.netty.util.internal.PlatformDependent0$7 cannot access class jdk.internal.misc.Unsafe (in module java.base) because module java.base does not export jdk.internal.misc to unnamed module @57e1b0c
16:18:42.207 [main] DEBUG io.netty.util.internal.PlatformDependent0 -- java.nio.DirectByteBuffer.<init>(long, {int,long}): unavailable
16:18:42.207 [main] DEBUG io.netty.util.internal.PlatformDependent -- sun.misc.Unsafe: available
16:18:42.208 [main] DEBUG io.netty.util.internal.PlatformDependent -- maxDirectMemory: 8342470656 bytes (maybe)
16:18:42.208 [main] DEBUG io.netty.util.internal.PlatformDependent -- -Dio.netty.tmpdir: /tmp (java.io.tmpdir)
16:18:42.208 [main] DEBUG io.netty.util.internal.PlatformDependent -- -Dio.netty.bitMode: 64 (sun.arch.data.model)
16:18:42.208 [main] DEBUG io.netty.util.internal.PlatformDependent -- -Dio.netty.maxDirectMemory: -1 bytes
16:18:42.209 [main] DEBUG io.netty.util.internal.PlatformDependent -- -Dio.netty.uninitializedArrayAllocationThreshold: -1
16:18:42.209 [main] DEBUG io.netty.util.internal.CleanerJava9 -- java.nio.ByteBuffer.cleaner(): available
16:18:42.209 [main] DEBUG io.netty.util.internal.PlatformDependent -- -Dio.netty.noPreferDirect: false
16:18:42.315 [main] DEBUG org.apache.http.client.protocol.RequestAddCookies -- CookieSpec selected: karate
16:18:42.318 [main] DEBUG org.apache.http.client.protocol.RequestAuthCache -- Auth cache not set in the context
16:18:42.319 [main] DEBUG com.intuit.karate -- request:
1 > POST http://127.0.0.1:4185/compliance/consent-records
1 > Content-Type: application/json; charset=UTF-8
1 > Content-Length: 173
1 > Host: 127.0.0.1:4185
1 > Connection: Keep-Alive
1 > User-Agent: Apache-HttpClient/4.5.14 (Java/25.0.3)
1 > Accept-Encoding: gzip,deflate
{"version":"v2","status":"granted","categories":{"essential":true,"analytics_optional":true,"marketing_optional":false},"updatedAt":"2026-06-02T12:00:00Z","source":"karate"}

16:18:42.319 [main] DEBUG org.apache.http.impl.conn.PoolingHttpClientConnectionManager -- Connection request: [route: {}->http://127.0.0.1:4185][total available: 0; route allocated: 0 of 5; total allocated: 0 of 10]
16:18:42.322 [main] DEBUG org.apache.http.impl.conn.PoolingHttpClientConnectionManager -- Connection leased: [id: 0][route: {}->http://127.0.0.1:4185][total available: 0; route allocated: 1 of 5; total allocated: 1 of 10]
16:18:42.323 [main] DEBUG org.apache.http.impl.execchain.MainClientExec -- Opening connection {}->http://127.0.0.1:4185
16:18:42.326 [main] DEBUG org.apache.http.impl.conn.DefaultHttpClientConnectionOperator -- Connecting to /127.0.0.1:4185
16:18:42.327 [main] DEBUG org.apache.http.impl.conn.DefaultHttpClientConnectionOperator -- Connection established 127.0.0.1:51314<->127.0.0.1:4185
16:18:42.327 [main] DEBUG org.apache.http.impl.conn.DefaultManagedHttpClientConnection -- http-outgoing-0: set socket timeout to 10000
16:18:42.327 [main] DEBUG org.apache.http.impl.execchain.MainClientExec -- Executing request POST /compliance/consent-records HTTP/1.1
16:18:42.327 [main] DEBUG org.apache.http.impl.execchain.MainClientExec -- Target auth state: UNCHALLENGED
16:18:42.327 [main] DEBUG org.apache.http.impl.execchain.MainClientExec -- Proxy auth state: UNCHALLENGED
16:18:42.327 [main] DEBUG org.apache.http.headers -- http-outgoing-0 >> POST /compliance/consent-records HTTP/1.1
16:18:42.327 [main] DEBUG org.apache.http.headers -- http-outgoing-0 >> Content-Type: application/json; charset=UTF-8
16:18:42.328 [main] DEBUG org.apache.http.headers -- http-outgoing-0 >> Content-Length: 173
16:18:42.328 [main] DEBUG org.apache.http.headers -- http-outgoing-0 >> Host: 127.0.0.1:4185
16:18:42.328 [main] DEBUG org.apache.http.headers -- http-outgoing-0 >> Connection: Keep-Alive
16:18:42.328 [main] DEBUG org.apache.http.headers -- http-outgoing-0 >> User-Agent: Apache-HttpClient/4.5.14 (Java/25.0.3)
16:18:42.328 [main] DEBUG org.apache.http.headers -- http-outgoing-0 >> Accept-Encoding: gzip,deflate
16:18:42.328 [main] DEBUG org.apache.http.wire -- http-outgoing-0 >> "POST /compliance/consent-records HTTP/1.1[\r][\n]"
16:18:42.328 [main] DEBUG org.apache.http.wire -- http-outgoing-0 >> "Content-Type: application/json; charset=UTF-8[\r][\n]"
16:18:42.328 [main] DEBUG org.apache.http.wire -- http-outgoing-0 >> "Content-Length: 173[\r][\n]"
16:18:42.328 [main] DEBUG org.apache.http.wire -- http-outgoing-0 >> "Host: 127.0.0.1:4185[\r][\n]"
16:18:42.328 [main] DEBUG org.apache.http.wire -- http-outgoing-0 >> "Connection: Keep-Alive[\r][\n]"
16:18:42.328 [main] DEBUG org.apache.http.wire -- http-outgoing-0 >> "User-Agent: Apache-HttpClient/4.5.14 (Java/25.0.3)[\r][\n]"
16:18:42.328 [main] DEBUG org.apache.http.wire -- http-outgoing-0 >> "Accept-Encoding: gzip,deflate[\r][\n]"
16:18:42.328 [main] DEBUG org.apache.http.wire -- http-outgoing-0 >> "[\r][\n]"
16:18:42.328 [main] DEBUG org.apache.http.wire -- http-outgoing-0 >> "{"version":"v2","status":"granted","categories":{"essential":true,"analytics_optional":true,"marketing_optional":false},"updatedAt":"2026-06-02T12:00:00Z","source":"karate"}"
16:18:42.337 [main] DEBUG org.apache.http.wire -- http-outgoing-0 << "HTTP/1.1 201 Created[\r][\n]"
16:18:42.337 [main] DEBUG org.apache.http.wire -- http-outgoing-0 << "date: Tue, 02 Jun 2026 20:18:41 GMT[\r][\n]"
16:18:42.337 [main] DEBUG org.apache.http.wire -- http-outgoing-0 << "server: uvicorn[\r][\n]"
16:18:42.337 [main] DEBUG org.apache.http.wire -- http-outgoing-0 << "content-length: 11[\r][\n]"
16:18:42.337 [main] DEBUG org.apache.http.wire -- http-outgoing-0 << "content-type: application/json[\r][\n]"
16:18:42.337 [main] DEBUG org.apache.http.wire -- http-outgoing-0 << "[\r][\n]"
16:18:42.337 [main] DEBUG org.apache.http.wire -- http-outgoing-0 << "{"ok":true}"
16:18:42.338 [main] DEBUG org.apache.http.headers -- http-outgoing-0 << HTTP/1.1 201 Created
16:18:42.338 [main] DEBUG org.apache.http.headers -- http-outgoing-0 << date: Tue, 02 Jun 2026 20:18:41 GMT
16:18:42.338 [main] DEBUG org.apache.http.headers -- http-outgoing-0 << server: uvicorn
16:18:42.338 [main] DEBUG org.apache.http.headers -- http-outgoing-0 << content-length: 11
16:18:42.338 [main] DEBUG org.apache.http.headers -- http-outgoing-0 << content-type: application/json
16:18:42.339 [main] DEBUG org.apache.http.impl.execchain.MainClientExec -- Connection can be kept alive indefinitely
16:18:42.339 [main] DEBUG org.apache.http.impl.conn.PoolingHttpClientConnectionManager -- Connection [id: 0][route: {}->http://127.0.0.1:4185] can be kept alive indefinitely
16:18:42.339 [main] DEBUG org.apache.http.impl.conn.DefaultManagedHttpClientConnection -- http-outgoing-0: set socket timeout to 0
16:18:42.339 [main] DEBUG org.apache.http.impl.conn.PoolingHttpClientConnectionManager -- Connection released: [id: 0][route: {}->http://127.0.0.1:4185][total available: 1; route allocated: 1 of 5; total allocated: 1 of 10]
16:18:42.339 [main] DEBUG org.apache.http.impl.conn.PoolingHttpClientConnectionManager -- Connection manager is shutting down
16:18:42.340 [main] DEBUG org.apache.http.impl.conn.DefaultManagedHttpClientConnection -- http-outgoing-0: Close connection
16:18:42.340 [main] DEBUG org.apache.http.impl.conn.PoolingHttpClientConnectionManager -- Connection manager shut down
16:18:42.341 [main] DEBUG com.intuit.karate -- response time in milliseconds: 20
1 < 201
1 < date: Tue, 02 Jun 2026 20:18:41 GMT
1 < server: uvicorn
1 < content-length: 11
1 < content-type: application/json
{"ok":true}

16:18:42.347 [main] DEBUG com.jayway.jsonpath.internal.path.CompiledPath -- Evaluating path: $
16:18:42.353 [main] DEBUG org.apache.http.client.protocol.RequestAddCookies -- CookieSpec selected: karate
16:18:42.353 [main] DEBUG org.apache.http.client.protocol.RequestAuthCache -- Auth cache not set in the context
16:18:42.353 [main] DEBUG com.intuit.karate -- request:
2 > GET http://127.0.0.1:4185/compliance/consent-records?limit=20
2 > Host: 127.0.0.1:4185
2 > Connection: Keep-Alive
2 > User-Agent: Apache-HttpClient/4.5.14 (Java/25.0.3)
2 > Accept-Encoding: gzip,deflate


16:18:42.353 [main] DEBUG org.apache.http.impl.conn.PoolingHttpClientConnectionManager -- Connection request: [route: {}->http://127.0.0.1:4185][total available: 0; route allocated: 0 of 5; total allocated: 0 of 10]
16:18:42.353 [main] DEBUG org.apache.http.impl.conn.PoolingHttpClientConnectionManager -- Connection leased: [id: 1][route: {}->http://127.0.0.1:4185][total available: 0; route allocated: 1 of 5; total allocated: 1 of 10]
16:18:42.353 [main] DEBUG org.apache.http.impl.execchain.MainClientExec -- Opening connection {}->http://127.0.0.1:4185
16:18:42.353 [main] DEBUG org.apache.http.impl.conn.DefaultHttpClientConnectionOperator -- Connecting to /127.0.0.1:4185
16:18:42.354 [main] DEBUG org.apache.http.impl.conn.DefaultHttpClientConnectionOperator -- Connection established 127.0.0.1:51324<->127.0.0.1:4185
16:18:42.354 [main] DEBUG org.apache.http.impl.conn.DefaultManagedHttpClientConnection -- http-outgoing-1: set socket timeout to 10000
16:18:42.354 [main] DEBUG org.apache.http.impl.execchain.MainClientExec -- Executing request GET /compliance/consent-records?limit=20 HTTP/1.1
16:18:42.354 [main] DEBUG org.apache.http.impl.execchain.MainClientExec -- Target auth state: UNCHALLENGED
16:18:42.354 [main] DEBUG org.apache.http.impl.execchain.MainClientExec -- Proxy auth state: UNCHALLENGED
16:18:42.354 [main] DEBUG org.apache.http.headers -- http-outgoing-1 >> GET /compliance/consent-records?limit=20 HTTP/1.1
16:18:42.354 [main] DEBUG org.apache.http.headers -- http-outgoing-1 >> Host: 127.0.0.1:4185
16:18:42.354 [main] DEBUG org.apache.http.headers -- http-outgoing-1 >> Connection: Keep-Alive
16:18:42.354 [main] DEBUG org.apache.http.headers -- http-outgoing-1 >> User-Agent: Apache-HttpClient/4.5.14 (Java/25.0.3)
16:18:42.354 [main] DEBUG org.apache.http.headers -- http-outgoing-1 >> Accept-Encoding: gzip,deflate
16:18:42.354 [main] DEBUG org.apache.http.wire -- http-outgoing-1 >> "GET /compliance/consent-records?limit=20 HTTP/1.1[\r][\n]"
16:18:42.354 [main] DEBUG org.apache.http.wire -- http-outgoing-1 >> "Host: 127.0.0.1:4185[\r][\n]"
16:18:42.354 [main] DEBUG org.apache.http.wire -- http-outgoing-1 >> "Connection: Keep-Alive[\r][\n]"
16:18:42.354 [main] DEBUG org.apache.http.wire -- http-outgoing-1 >> "User-Agent: Apache-HttpClient/4.5.14 (Java/25.0.3)[\r][\n]"
16:18:42.354 [main] DEBUG org.apache.http.wire -- http-outgoing-1 >> "Accept-Encoding: gzip,deflate[\r][\n]"
16:18:42.354 [main] DEBUG org.apache.http.wire -- http-outgoing-1 >> "[\r][\n]"
16:18:42.357 [main] DEBUG org.apache.http.wire -- http-outgoing-1 << "HTTP/1.1 200 OK[\r][\n]"
16:18:42.357 [main] DEBUG org.apache.http.wire -- http-outgoing-1 << "date: Tue, 02 Jun 2026 20:18:41 GMT[\r][\n]"
16:18:42.357 [main] DEBUG org.apache.http.wire -- http-outgoing-1 << "server: uvicorn[\r][\n]"
16:18:42.357 [main] DEBUG org.apache.http.wire -- http-outgoing-1 << "content-length: 767[\r][\n]"
16:18:42.357 [main] DEBUG org.apache.http.wire -- http-outgoing-1 << "content-type: application/json[\r][\n]"
16:18:42.357 [main] DEBUG org.apache.http.wire -- http-outgoing-1 << "[\r][\n]"
16:18:42.357 [main] DEBUG org.apache.http.wire -- http-outgoing-1 << "{"ok":true,"records":[{"recordedAt":"2026-06-02T20:18:42.330863Z","version":"v2","updatedAt":"2026-06-02T12:00:00Z","source":"karate","status":"granted","categories":{"essential":true,"analytics_optional":true,"marketing_optional":false,"communication_optional":false}},{"recordedAt":"2026-06-02T20:15:01.533940Z","version":"v2","updatedAt":"2026-06-02T12:00:00Z","source":"karate","status":"granted","categories":{"essential":true,"analytics_optional":true,"marketing_optional":false,"communication_optional":false}},{"recordedAt":"2026-06-02T20:14:36.660733Z","version":"v2","updatedAt":"2026-06-02T12:00:00Z","source":"karate","status":"granted","categories":{"essential":true,"analytics_optional":true,"marketing_optional":false,"communication_optional":false}}]}"
16:18:42.357 [main] DEBUG org.apache.http.headers -- http-outgoing-1 << HTTP/1.1 200 OK
16:18:42.357 [main] DEBUG org.apache.http.headers -- http-outgoing-1 << date: Tue, 02 Jun 2026 20:18:41 GMT
16:18:42.357 [main] DEBUG org.apache.http.headers -- http-outgoing-1 << server: uvicorn
16:18:42.357 [main] DEBUG org.apache.http.headers -- http-outgoing-1 << content-length: 767
16:18:42.357 [main] DEBUG org.apache.http.headers -- http-outgoing-1 << content-type: application/json
16:18:42.357 [main] DEBUG org.apache.http.impl.execchain.MainClientExec -- Connection can be kept alive indefinitely
16:18:42.357 [main] DEBUG org.apache.http.impl.conn.PoolingHttpClientConnectionManager -- Connection [id: 1][route: {}->http://127.0.0.1:4185] can be kept alive indefinitely
16:18:42.357 [main] DEBUG org.apache.http.impl.conn.DefaultManagedHttpClientConnection -- http-outgoing-1: set socket timeout to 0
16:18:42.357 [main] DEBUG org.apache.http.impl.conn.PoolingHttpClientConnectionManager -- Connection released: [id: 1][route: {}->http://127.0.0.1:4185][total available: 1; route allocated: 1 of 5; total allocated: 1 of 10]
16:18:42.358 [main] DEBUG org.apache.http.impl.conn.PoolingHttpClientConnectionManager -- Connection manager is shutting down
16:18:42.358 [main] DEBUG org.apache.http.impl.conn.DefaultManagedHttpClientConnection -- http-outgoing-1: Close connection
16:18:42.358 [main] DEBUG org.apache.http.impl.conn.PoolingHttpClientConnectionManager -- Connection manager shut down
16:18:42.358 [main] DEBUG com.intuit.karate -- response time in milliseconds: 5
2 < 200
2 < date: Tue, 02 Jun 2026 20:18:41 GMT
2 < server: uvicorn
2 < content-length: 767
2 < content-type: application/json
{"ok":true,"records":[{"recordedAt":"2026-06-02T20:18:42.330863Z","version":"v2","updatedAt":"2026-06-02T12:00:00Z","source":"karate","status":"granted","categories":{"essential":true,"analytics_optional":true,"marketing_optional":false,"communication_optional":false}},{"recordedAt":"2026-06-02T20:15:01.533940Z","version":"v2","updatedAt":"2026-06-02T12:00:00Z","source":"karate","status":"granted","categories":{"essential":true,"analytics_optional":true,"marketing_optional":false,"communication_optional":false}},{"recordedAt":"2026-06-02T20:14:36.660733Z","version":"v2","updatedAt":"2026-06-02T12:00:00Z","source":"karate","status":"granted","categories":{"essential":true,"analytics_optional":true,"marketing_optional":false,"communication_optional":false}}]}

16:18:42.359 [main] DEBUG com.jayway.jsonpath.internal.path.CompiledPath -- Evaluating path: $
]]></system-out>
  </testcase>
  <testcase name="[9:133] DSAR list endpoint should return array" classname="features/inscricoes-upsert" time="0.017">
    <system-out><![CDATA[16:18:42.375 [main] DEBUG org.apache.http.client.protocol.RequestAddCookies -- CookieSpec selected: karate
16:18:42.375 [main] DEBUG org.apache.http.client.protocol.RequestAuthCache -- Auth cache not set in the context
16:18:42.375 [main] DEBUG com.intuit.karate -- request:
1 > GET http://127.0.0.1:4185/compliance/dsar-requests?limit=20
1 > Host: 127.0.0.1:4185
1 > Connection: Keep-Alive
1 > User-Agent: Apache-HttpClient/4.5.14 (Java/25.0.3)
1 > Accept-Encoding: gzip,deflate


16:18:42.375 [main] DEBUG org.apache.http.impl.conn.PoolingHttpClientConnectionManager -- Connection request: [route: {}->http://127.0.0.1:4185][total available: 0; route allocated: 0 of 5; total allocated: 0 of 10]
16:18:42.375 [main] DEBUG org.apache.http.impl.conn.PoolingHttpClientConnectionManager -- Connection leased: [id: 2][route: {}->http://127.0.0.1:4185][total available: 0; route allocated: 1 of 5; total allocated: 1 of 10]
16:18:42.375 [main] DEBUG org.apache.http.impl.execchain.MainClientExec -- Opening connection {}->http://127.0.0.1:4185
16:18:42.375 [main] DEBUG org.apache.http.impl.conn.DefaultHttpClientConnectionOperator -- Connecting to /127.0.0.1:4185
16:18:42.376 [main] DEBUG org.apache.http.impl.conn.DefaultHttpClientConnectionOperator -- Connection established 127.0.0.1:51336<->127.0.0.1:4185
16:18:42.376 [main] DEBUG org.apache.http.impl.conn.DefaultManagedHttpClientConnection -- http-outgoing-2: set socket timeout to 10000
16:18:42.376 [main] DEBUG org.apache.http.impl.execchain.MainClientExec -- Executing request GET /compliance/dsar-requests?limit=20 HTTP/1.1
16:18:42.376 [main] DEBUG org.apache.http.impl.execchain.MainClientExec -- Target auth state: UNCHALLENGED
16:18:42.376 [main] DEBUG org.apache.http.impl.execchain.MainClientExec -- Proxy auth state: UNCHALLENGED
16:18:42.376 [main] DEBUG org.apache.http.headers -- http-outgoing-2 >> GET /compliance/dsar-requests?limit=20 HTTP/1.1
16:18:42.376 [main] DEBUG org.apache.http.headers -- http-outgoing-2 >> Host: 127.0.0.1:4185
16:18:42.376 [main] DEBUG org.apache.http.headers -- http-outgoing-2 >> Connection: Keep-Alive
16:18:42.376 [main] DEBUG org.apache.http.headers -- http-outgoing-2 >> User-Agent: Apache-HttpClient/4.5.14 (Java/25.0.3)
16:18:42.376 [main] DEBUG org.apache.http.headers -- http-outgoing-2 >> Accept-Encoding: gzip,deflate
16:18:42.376 [main] DEBUG org.apache.http.wire -- http-outgoing-2 >> "GET /compliance/dsar-requests?limit=20 HTTP/1.1[\r][\n]"
16:18:42.376 [main] DEBUG org.apache.http.wire -- http-outgoing-2 >> "Host: 127.0.0.1:4185[\r][\n]"
16:18:42.376 [main] DEBUG org.apache.http.wire -- http-outgoing-2 >> "Connection: Keep-Alive[\r][\n]"
16:18:42.376 [main] DEBUG org.apache.http.wire -- http-outgoing-2 >> "User-Agent: Apache-HttpClient/4.5.14 (Java/25.0.3)[\r][\n]"
16:18:42.376 [main] DEBUG org.apache.http.wire -- http-outgoing-2 >> "Accept-Encoding: gzip,deflate[\r][\n]"
16:18:42.376 [main] DEBUG org.apache.http.wire -- http-outgoing-2 >> "[\r][\n]"
16:18:42.378 [main] DEBUG org.apache.http.wire -- http-outgoing-2 << "HTTP/1.1 200 OK[\r][\n]"
16:18:42.378 [main] DEBUG org.apache.http.wire -- http-outgoing-2 << "date: Tue, 02 Jun 2026 20:18:41 GMT[\r][\n]"
16:18:42.378 [main] DEBUG org.apache.http.wire -- http-outgoing-2 << "server: uvicorn[\r][\n]"
16:18:42.378 [main] DEBUG org.apache.http.wire -- http-outgoing-2 << "content-length: 25[\r][\n]"
16:18:42.378 [main] DEBUG org.apache.http.wire -- http-outgoing-2 << "content-type: application/json[\r][\n]"
16:18:42.379 [main] DEBUG org.apache.http.wire -- http-outgoing-2 << "[\r][\n]"
16:18:42.379 [main] DEBUG org.apache.http.wire -- http-outgoing-2 << "{"ok":true,"requests":[]}"
16:18:42.379 [main] DEBUG org.apache.http.headers -- http-outgoing-2 << HTTP/1.1 200 OK
16:18:42.379 [main] DEBUG org.apache.http.headers -- http-outgoing-2 << date: Tue, 02 Jun 2026 20:18:41 GMT
16:18:42.379 [main] DEBUG org.apache.http.headers -- http-outgoing-2 << server: uvicorn
16:18:42.379 [main] DEBUG org.apache.http.headers -- http-outgoing-2 << content-length: 25
16:18:42.379 [main] DEBUG org.apache.http.headers -- http-outgoing-2 << content-type: application/json
16:18:42.379 [main] DEBUG org.apache.http.impl.execchain.MainClientExec -- Connection can be kept alive indefinitely
16:18:42.379 [main] DEBUG org.apache.http.impl.conn.PoolingHttpClientConnectionManager -- Connection [id: 2][route: {}->http://127.0.0.1:4185] can be kept alive indefinitely
16:18:42.379 [main] DEBUG org.apache.http.impl.conn.DefaultManagedHttpClientConnection -- http-outgoing-2: set socket timeout to 0
16:18:42.379 [main] DEBUG org.apache.http.impl.conn.PoolingHttpClientConnectionManager -- Connection released: [id: 2][route: {}->http://127.0.0.1:4185][total available: 1; route allocated: 1 of 5; total allocated: 1 of 10]
16:18:42.379 [main] DEBUG org.apache.http.impl.conn.PoolingHttpClientConnectionManager -- Connection manager is shutting down
16:18:42.379 [main] DEBUG org.apache.http.impl.conn.DefaultManagedHttpClientConnection -- http-outgoing-2: Close connection
16:18:42.379 [main] DEBUG org.apache.http.impl.conn.PoolingHttpClientConnectionManager -- Connection manager shut down
16:18:42.379 [main] DEBUG com.intuit.karate -- response time in milliseconds: 4
1 < 200
1 < date: Tue, 02 Jun 2026 20:18:41 GMT
1 < server: uvicorn
1 < content-length: 25
1 < content-type: application/json
{"ok":true,"requests":[]}

16:18:42.380 [main] DEBUG com.jayway.jsonpath.internal.path.CompiledPath -- Evaluating path: $
]]></system-out>
  </testcase>
  <testcase name="[10:142] Integration event should update integration summary" classname="features/inscricoes-upsert" time="0.022">
    <system-out><![CDATA[16:18:42.388 [main] DEBUG com.jayway.jsonpath.internal.path.CompiledPath -- Evaluating path: $
16:18:42.388 [main] DEBUG org.apache.http.client.protocol.RequestAddCookies -- CookieSpec selected: karate
16:18:42.389 [main] DEBUG org.apache.http.client.protocol.RequestAuthCache -- Auth cache not set in the context
16:18:42.389 [main] DEBUG com.intuit.karate -- request:
1 > POST http://127.0.0.1:4185/compliance/integration-events
1 > Content-Type: application/json; charset=UTF-8
1 > Content-Length: 85
1 > Host: 127.0.0.1:4185
1 > Connection: Keep-Alive
1 > User-Agent: Apache-HttpClient/4.5.14 (Java/25.0.3)
1 > Accept-Encoding: gzip,deflate
{"outcome":"ok","signal":"available","detail":"karate-run","sourcePage":"inscricoes"}

16:18:42.389 [main] DEBUG org.apache.http.impl.conn.PoolingHttpClientConnectionManager -- Connection request: [route: {}->http://127.0.0.1:4185][total available: 0; route allocated: 0 of 5; total allocated: 0 of 10]
16:18:42.389 [main] DEBUG org.apache.http.impl.conn.PoolingHttpClientConnectionManager -- Connection leased: [id: 3][route: {}->http://127.0.0.1:4185][total available: 0; route allocated: 1 of 5; total allocated: 1 of 10]
16:18:42.389 [main] DEBUG org.apache.http.impl.execchain.MainClientExec -- Opening connection {}->http://127.0.0.1:4185
16:18:42.389 [main] DEBUG org.apache.http.impl.conn.DefaultHttpClientConnectionOperator -- Connecting to /127.0.0.1:4185
16:18:42.389 [main] DEBUG org.apache.http.impl.conn.DefaultHttpClientConnectionOperator -- Connection established 127.0.0.1:51346<->127.0.0.1:4185
16:18:42.389 [main] DEBUG org.apache.http.impl.conn.DefaultManagedHttpClientConnection -- http-outgoing-3: set socket timeout to 10000
16:18:42.389 [main] DEBUG org.apache.http.impl.execchain.MainClientExec -- Executing request POST /compliance/integration-events HTTP/1.1
16:18:42.389 [main] DEBUG org.apache.http.impl.execchain.MainClientExec -- Target auth state: UNCHALLENGED
16:18:42.389 [main] DEBUG org.apache.http.impl.execchain.MainClientExec -- Proxy auth state: UNCHALLENGED
16:18:42.389 [main] DEBUG org.apache.http.headers -- http-outgoing-3 >> POST /compliance/integration-events HTTP/1.1
16:18:42.389 [main] DEBUG org.apache.http.headers -- http-outgoing-3 >> Content-Type: application/json; charset=UTF-8
16:18:42.389 [main] DEBUG org.apache.http.headers -- http-outgoing-3 >> Content-Length: 85
16:18:42.389 [main] DEBUG org.apache.http.headers -- http-outgoing-3 >> Host: 127.0.0.1:4185
16:18:42.389 [main] DEBUG org.apache.http.headers -- http-outgoing-3 >> Connection: Keep-Alive
16:18:42.389 [main] DEBUG org.apache.http.headers -- http-outgoing-3 >> User-Agent: Apache-HttpClient/4.5.14 (Java/25.0.3)
16:18:42.389 [main] DEBUG org.apache.http.headers -- http-outgoing-3 >> Accept-Encoding: gzip,deflate
16:18:42.390 [main] DEBUG org.apache.http.wire -- http-outgoing-3 >> "POST /compliance/integration-events HTTP/1.1[\r][\n]"
16:18:42.390 [main] DEBUG org.apache.http.wire -- http-outgoing-3 >> "Content-Type: application/json; charset=UTF-8[\r][\n]"
16:18:42.390 [main] DEBUG org.apache.http.wire -- http-outgoing-3 >> "Content-Length: 85[\r][\n]"
16:18:42.390 [main] DEBUG org.apache.http.wire -- http-outgoing-3 >> "Host: 127.0.0.1:4185[\r][\n]"
16:18:42.390 [main] DEBUG org.apache.http.wire -- http-outgoing-3 >> "Connection: Keep-Alive[\r][\n]"
16:18:42.390 [main] DEBUG org.apache.http.wire -- http-outgoing-3 >> "User-Agent: Apache-HttpClient/4.5.14 (Java/25.0.3)[\r][\n]"
16:18:42.390 [main] DEBUG org.apache.http.wire -- http-outgoing-3 >> "Accept-Encoding: gzip,deflate[\r][\n]"
16:18:42.390 [main] DEBUG org.apache.http.wire -- http-outgoing-3 >> "[\r][\n]"
16:18:42.390 [main] DEBUG org.apache.http.wire -- http-outgoing-3 >> "{"outcome":"ok","signal":"available","detail":"karate-run","sourcePage":"inscricoes"}"
16:18:42.394 [main] DEBUG org.apache.http.wire -- http-outgoing-3 << "HTTP/1.1 201 Created[\r][\n]"
16:18:42.394 [main] DEBUG org.apache.http.wire -- http-outgoing-3 << "date: Tue, 02 Jun 2026 20:18:41 GMT[\r][\n]"
16:18:42.395 [main] DEBUG org.apache.http.wire -- http-outgoing-3 << "server: uvicorn[\r][\n]"
16:18:42.395 [main] DEBUG org.apache.http.wire -- http-outgoing-3 << "content-length: 11[\r][\n]"
16:18:42.395 [main] DEBUG org.apache.http.wire -- http-outgoing-3 << "content-type: application/json[\r][\n]"
16:18:42.395 [main] DEBUG org.apache.http.wire -- http-outgoing-3 << "[\r][\n]"
16:18:42.395 [main] DEBUG org.apache.http.wire -- http-outgoing-3 << "{"ok":true}"
16:18:42.395 [main] DEBUG org.apache.http.headers -- http-outgoing-3 << HTTP/1.1 201 Created
16:18:42.395 [main] DEBUG org.apache.http.headers -- http-outgoing-3 << date: Tue, 02 Jun 2026 20:18:41 GMT
16:18:42.395 [main] DEBUG org.apache.http.headers -- http-outgoing-3 << server: uvicorn
16:18:42.395 [main] DEBUG org.apache.http.headers -- http-outgoing-3 << content-length: 11
16:18:42.395 [main] DEBUG org.apache.http.headers -- http-outgoing-3 << content-type: application/json
16:18:42.395 [main] DEBUG org.apache.http.impl.execchain.MainClientExec -- Connection can be kept alive indefinitely
16:18:42.395 [main] DEBUG org.apache.http.impl.conn.PoolingHttpClientConnectionManager -- Connection [id: 3][route: {}->http://127.0.0.1:4185] can be kept alive indefinitely
16:18:42.395 [main] DEBUG org.apache.http.impl.conn.DefaultManagedHttpClientConnection -- http-outgoing-3: set socket timeout to 0
16:18:42.395 [main] DEBUG org.apache.http.impl.conn.PoolingHttpClientConnectionManager -- Connection released: [id: 3][route: {}->http://127.0.0.1:4185][total available: 1; route allocated: 1 of 5; total allocated: 1 of 10]
16:18:42.395 [main] DEBUG org.apache.http.impl.conn.PoolingHttpClientConnectionManager -- Connection manager is shutting down
16:18:42.395 [main] DEBUG org.apache.http.impl.conn.DefaultManagedHttpClientConnection -- http-outgoing-3: Close connection
16:18:42.395 [main] DEBUG org.apache.http.impl.conn.PoolingHttpClientConnectionManager -- Connection manager shut down
16:18:42.395 [main] DEBUG com.intuit.karate -- response time in milliseconds: 6
1 < 201
1 < date: Tue, 02 Jun 2026 20:18:41 GMT
1 < server: uvicorn
1 < content-length: 11
1 < content-type: application/json
{"ok":true}

16:18:42.397 [main] DEBUG com.jayway.jsonpath.internal.path.CompiledPath -- Evaluating path: $
16:18:42.398 [main] DEBUG org.apache.http.client.protocol.RequestAddCookies -- CookieSpec selected: karate
16:18:42.398 [main] DEBUG org.apache.http.client.protocol.RequestAuthCache -- Auth cache not set in the context
16:18:42.398 [main] DEBUG com.intuit.karate -- request:
2 > GET http://127.0.0.1:4185/compliance/integration-summary
2 > Host: 127.0.0.1:4185
2 > Connection: Keep-Alive
2 > User-Agent: Apache-HttpClient/4.5.14 (Java/25.0.3)
2 > Accept-Encoding: gzip,deflate


16:18:42.398 [main] DEBUG org.apache.http.impl.conn.PoolingHttpClientConnectionManager -- Connection request: [route: {}->http://127.0.0.1:4185][total available: 0; route allocated: 0 of 5; total allocated: 0 of 10]
16:18:42.398 [main] DEBUG org.apache.http.impl.conn.PoolingHttpClientConnectionManager -- Connection leased: [id: 4][route: {}->http://127.0.0.1:4185][total available: 0; route allocated: 1 of 5; total allocated: 1 of 10]
16:18:42.398 [main] DEBUG org.apache.http.impl.execchain.MainClientExec -- Opening connection {}->http://127.0.0.1:4185
16:18:42.398 [main] DEBUG org.apache.http.impl.conn.DefaultHttpClientConnectionOperator -- Connecting to /127.0.0.1:4185
16:18:42.399 [main] DEBUG org.apache.http.impl.conn.DefaultHttpClientConnectionOperator -- Connection established 127.0.0.1:51362<->127.0.0.1:4185
16:18:42.399 [main] DEBUG org.apache.http.impl.conn.DefaultManagedHttpClientConnection -- http-outgoing-4: set socket timeout to 10000
16:18:42.399 [main] DEBUG org.apache.http.impl.execchain.MainClientExec -- Executing request GET /compliance/integration-summary HTTP/1.1
16:18:42.399 [main] DEBUG org.apache.http.impl.execchain.MainClientExec -- Target auth state: UNCHALLENGED
16:18:42.399 [main] DEBUG org.apache.http.impl.execchain.MainClientExec -- Proxy auth state: UNCHALLENGED
16:18:42.399 [main] DEBUG org.apache.http.headers -- http-outgoing-4 >> GET /compliance/integration-summary HTTP/1.1
16:18:42.399 [main] DEBUG org.apache.http.headers -- http-outgoing-4 >> Host: 127.0.0.1:4185
16:18:42.399 [main] DEBUG org.apache.http.headers -- http-outgoing-4 >> Connection: Keep-Alive
16:18:42.399 [main] DEBUG org.apache.http.headers -- http-outgoing-4 >> User-Agent: Apache-HttpClient/4.5.14 (Java/25.0.3)
16:18:42.399 [main] DEBUG org.apache.http.headers -- http-outgoing-4 >> Accept-Encoding: gzip,deflate
16:18:42.399 [main] DEBUG org.apache.http.wire -- http-outgoing-4 >> "GET /compliance/integration-summary HTTP/1.1[\r][\n]"
16:18:42.399 [main] DEBUG org.apache.http.wire -- http-outgoing-4 >> "Host: 127.0.0.1:4185[\r][\n]"
16:18:42.399 [main] DEBUG org.apache.http.wire -- http-outgoing-4 >> "Connection: Keep-Alive[\r][\n]"
16:18:42.399 [main] DEBUG org.apache.http.wire -- http-outgoing-4 >> "User-Agent: Apache-HttpClient/4.5.14 (Java/25.0.3)[\r][\n]"
16:18:42.399 [main] DEBUG org.apache.http.wire -- http-outgoing-4 >> "Accept-Encoding: gzip,deflate[\r][\n]"
16:18:42.399 [main] DEBUG org.apache.http.wire -- http-outgoing-4 >> "[\r][\n]"
16:18:42.401 [main] DEBUG org.apache.http.wire -- http-outgoing-4 << "HTTP/1.1 200 OK[\r][\n]"
16:18:42.401 [main] DEBUG org.apache.http.wire -- http-outgoing-4 << "date: Tue, 02 Jun 2026 20:18:41 GMT[\r][\n]"
16:18:42.401 [main] DEBUG org.apache.http.wire -- http-outgoing-4 << "server: uvicorn[\r][\n]"
16:18:42.401 [main] DEBUG org.apache.http.wire -- http-outgoing-4 << "content-length: 214[\r][\n]"
16:18:42.401 [main] DEBUG org.apache.http.wire -- http-outgoing-4 << "content-type: application/json[\r][\n]"
16:18:42.401 [main] DEBUG org.apache.http.wire -- http-outgoing-4 << "[\r][\n]"
16:18:42.401 [main] DEBUG org.apache.http.wire -- http-outgoing-4 << "{"ok":true,"summary":{"totalChecks":3,"availableChecks":3,"degradedChecks":0,"providerFailures":0,"lastEvent":{"recordedAt":"2026-06-02T20:18:42.391885Z","outcome":"ok","signal":"available","detail":"karate-run"}}}"
16:18:42.401 [main] DEBUG org.apache.http.headers -- http-outgoing-4 << HTTP/1.1 200 OK
16:18:42.401 [main] DEBUG org.apache.http.headers -- http-outgoing-4 << date: Tue, 02 Jun 2026 20:18:41 GMT
16:18:42.401 [main] DEBUG org.apache.http.headers -- http-outgoing-4 << server: uvicorn
16:18:42.401 [main] DEBUG org.apache.http.headers -- http-outgoing-4 << content-length: 214
16:18:42.401 [main] DEBUG org.apache.http.headers -- http-outgoing-4 << content-type: application/json
16:18:42.401 [main] DEBUG org.apache.http.impl.execchain.MainClientExec -- Connection can be kept alive indefinitely
16:18:42.401 [main] DEBUG org.apache.http.impl.conn.PoolingHttpClientConnectionManager -- Connection [id: 4][route: {}->http://127.0.0.1:4185] can be kept alive indefinitely
16:18:42.401 [main] DEBUG org.apache.http.impl.conn.DefaultManagedHttpClientConnection -- http-outgoing-4: set socket timeout to 0
16:18:42.401 [main] DEBUG org.apache.http.impl.conn.PoolingHttpClientConnectionManager -- Connection released: [id: 4][route: {}->http://127.0.0.1:4185][total available: 1; route allocated: 1 of 5; total allocated: 1 of 10]
16:18:42.401 [main] DEBUG org.apache.http.impl.conn.PoolingHttpClientConnectionManager -- Connection manager is shutting down
16:18:42.402 [main] DEBUG org.apache.http.impl.conn.DefaultManagedHttpClientConnection -- http-outgoing-4: Close connection
16:18:42.402 [main] DEBUG org.apache.http.impl.conn.PoolingHttpClientConnectionManager -- Connection manager shut down
16:18:42.402 [main] DEBUG com.intuit.karate -- response time in milliseconds: 3
2 < 200
2 < date: Tue, 02 Jun 2026 20:18:41 GMT
2 < server: uvicorn
2 < content-length: 214
2 < content-type: application/json
{"ok":true,"summary":{"totalChecks":3,"availableChecks":3,"degradedChecks":0,"providerFailures":0,"lastEvent":{"recordedAt":"2026-06-02T20:18:42.391885Z","outcome":"ok","signal":"available","detail":"karate-run"}}}

16:18:42.403 [main] DEBUG com.jayway.jsonpath.internal.path.CompiledPath -- Evaluating path: $
]]></system-out>
  </testcase>
  <testcase name="[11:166] Content audit create and list should work with unique event id" classname="features/inscricoes-upsert" time="0.487">
    <system-out><![CDATA[16:18:42.411 [main] DEBUG com.jayway.jsonpath.internal.path.CompiledPath -- Evaluating path: $
16:18:42.412 [main] DEBUG org.apache.http.client.protocol.RequestAddCookies -- CookieSpec selected: karate
16:18:42.412 [main] DEBUG org.apache.http.client.protocol.RequestAuthCache -- Auth cache not set in the context
16:18:42.412 [main] DEBUG com.intuit.karate -- request:
1 > POST http://127.0.0.1:4185/compliance/content-audit-events
1 > Content-Type: application/json; charset=UTF-8
1 > Content-Length: 252
1 > Host: 127.0.0.1:4185
1 > Connection: Keep-Alive
1 > User-Agent: Apache-HttpClient/4.5.14 (Java/25.0.3)
1 > Accept-Encoding: gzip,deflate
{"eventId":"AUD-KARATE-0f979452","changedAt":"2026-06-02T12:00:00Z","contentDomain":"privacy","contentTitle":"Politica de Privacidade","version":"v2026.06","author":"qa.engineer","changeSummary":"Karate content audit validation","changeType":"publish"}

16:18:42.413 [main] DEBUG org.apache.http.impl.conn.PoolingHttpClientConnectionManager -- Connection request: [route: {}->http://127.0.0.1:4185][total available: 0; route allocated: 0 of 5; total allocated: 0 of 10]
16:18:42.413 [main] DEBUG org.apache.http.impl.conn.PoolingHttpClientConnectionManager -- Connection leased: [id: 5][route: {}->http://127.0.0.1:4185][total available: 0; route allocated: 1 of 5; total allocated: 1 of 10]
16:18:42.413 [main] DEBUG org.apache.http.impl.execchain.MainClientExec -- Opening connection {}->http://127.0.0.1:4185
16:18:42.413 [main] DEBUG org.apache.http.impl.conn.DefaultHttpClientConnectionOperator -- Connecting to /127.0.0.1:4185
16:18:42.413 [main] DEBUG org.apache.http.impl.conn.DefaultHttpClientConnectionOperator -- Connection established 127.0.0.1:51364<->127.0.0.1:4185
16:18:42.413 [main] DEBUG org.apache.http.impl.conn.DefaultManagedHttpClientConnection -- http-outgoing-5: set socket timeout to 10000
16:18:42.413 [main] DEBUG org.apache.http.impl.execchain.MainClientExec -- Executing request POST /compliance/content-audit-events HTTP/1.1
16:18:42.413 [main] DEBUG org.apache.http.impl.execchain.MainClientExec -- Target auth state: UNCHALLENGED
16:18:42.413 [main] DEBUG org.apache.http.impl.execchain.MainClientExec -- Proxy auth state: UNCHALLENGED
16:18:42.413 [main] DEBUG org.apache.http.headers -- http-outgoing-5 >> POST /compliance/content-audit-events HTTP/1.1
16:18:42.413 [main] DEBUG org.apache.http.headers -- http-outgoing-5 >> Content-Type: application/json; charset=UTF-8
16:18:42.413 [main] DEBUG org.apache.http.headers -- http-outgoing-5 >> Content-Length: 252
16:18:42.413 [main] DEBUG org.apache.http.headers -- http-outgoing-5 >> Host: 127.0.0.1:4185
16:18:42.413 [main] DEBUG org.apache.http.headers -- http-outgoing-5 >> Connection: Keep-Alive
16:18:42.413 [main] DEBUG org.apache.http.headers -- http-outgoing-5 >> User-Agent: Apache-HttpClient/4.5.14 (Java/25.0.3)
16:18:42.413 [main] DEBUG org.apache.http.headers -- http-outgoing-5 >> Accept-Encoding: gzip,deflate
16:18:42.413 [main] DEBUG org.apache.http.wire -- http-outgoing-5 >> "POST /compliance/content-audit-events HTTP/1.1[\r][\n]"
16:18:42.413 [main] DEBUG org.apache.http.wire -- http-outgoing-5 >> "Content-Type: application/json; charset=UTF-8[\r][\n]"
16:18:42.413 [main] DEBUG org.apache.http.wire -- http-outgoing-5 >> "Content-Length: 252[\r][\n]"
16:18:42.413 [main] DEBUG org.apache.http.wire -- http-outgoing-5 >> "Host: 127.0.0.1:4185[\r][\n]"
16:18:42.414 [main] DEBUG org.apache.http.wire -- http-outgoing-5 >> "Connection: Keep-Alive[\r][\n]"
16:18:42.414 [main] DEBUG org.apache.http.wire -- http-outgoing-5 >> "User-Agent: Apache-HttpClient/4.5.14 (Java/25.0.3)[\r][\n]"
16:18:42.414 [main] DEBUG org.apache.http.wire -- http-outgoing-5 >> "Accept-Encoding: gzip,deflate[\r][\n]"
16:18:42.414 [main] DEBUG org.apache.http.wire -- http-outgoing-5 >> "[\r][\n]"
16:18:42.414 [main] DEBUG org.apache.http.wire -- http-outgoing-5 >> "{"eventId":"AUD-KARATE-0f979452","changedAt":"2026-06-02T12:00:00Z","contentDomain":"privacy","contentTitle":"Politica de Privacidade","version":"v2026.06","author":"qa.engineer","changeSummary":"Karate content audit validation","changeType":"publish"}"
16:18:42.417 [main] DEBUG org.apache.http.wire -- http-outgoing-5 << "HTTP/1.1 201 Created[\r][\n]"
16:18:42.417 [main] DEBUG org.apache.http.wire -- http-outgoing-5 << "date: Tue, 02 Jun 2026 20:18:41 GMT[\r][\n]"
16:18:42.417 [main] DEBUG org.apache.http.wire -- http-outgoing-5 << "server: uvicorn[\r][\n]"
16:18:42.417 [main] DEBUG org.apache.http.wire -- http-outgoing-5 << "content-length: 11[\r][\n]"
16:18:42.417 [main] DEBUG org.apache.http.wire -- http-outgoing-5 << "content-type: application/json[\r][\n]"
16:18:42.417 [main] DEBUG org.apache.http.wire -- http-outgoing-5 << "[\r][\n]"
16:18:42.417 [main] DEBUG org.apache.http.wire -- http-outgoing-5 << "{"ok":true}"
16:18:42.418 [main] DEBUG org.apache.http.headers -- http-outgoing-5 << HTTP/1.1 201 Created
16:18:42.418 [main] DEBUG org.apache.http.headers -- http-outgoing-5 << date: Tue, 02 Jun 2026 20:18:41 GMT
16:18:42.418 [main] DEBUG org.apache.http.headers -- http-outgoing-5 << server: uvicorn
16:18:42.418 [main] DEBUG org.apache.http.headers -- http-outgoing-5 << content-length: 11
16:18:42.418 [main] DEBUG org.apache.http.headers -- http-outgoing-5 << content-type: application/json
16:18:42.418 [main] DEBUG org.apache.http.impl.execchain.MainClientExec -- Connection can be kept alive indefinitely
16:18:42.418 [main] DEBUG org.apache.http.impl.conn.PoolingHttpClientConnectionManager -- Connection [id: 5][route: {}->http://127.0.0.1:4185] can be kept alive indefinitely
16:18:42.418 [main] DEBUG org.apache.http.impl.conn.DefaultManagedHttpClientConnection -- http-outgoing-5: set socket timeout to 0
16:18:42.418 [main] DEBUG org.apache.http.impl.conn.PoolingHttpClientConnectionManager -- Connection released: [id: 5][route: {}->http://127.0.0.1:4185][total available: 1; route allocated: 1 of 5; total allocated: 1 of 10]
16:18:42.418 [main] DEBUG org.apache.http.impl.conn.PoolingHttpClientConnectionManager -- Connection manager is shutting down
16:18:42.418 [main] DEBUG org.apache.http.impl.conn.DefaultManagedHttpClientConnection -- http-outgoing-5: Close connection
16:18:42.418 [main] DEBUG org.apache.http.impl.conn.PoolingHttpClientConnectionManager -- Connection manager shut down
16:18:42.418 [main] DEBUG com.intuit.karate -- response time in milliseconds: 5
1 < 201
1 < date: Tue, 02 Jun 2026 20:18:41 GMT
1 < server: uvicorn
1 < content-length: 11
1 < content-type: application/json
{"ok":true}

16:18:42.419 [main] DEBUG com.jayway.jsonpath.internal.path.CompiledPath -- Evaluating path: $
16:18:42.420 [main] DEBUG org.apache.http.client.protocol.RequestAddCookies -- CookieSpec selected: karate
16:18:42.420 [main] DEBUG org.apache.http.client.protocol.RequestAuthCache -- Auth cache not set in the context
16:18:42.420 [main] DEBUG com.intuit.karate -- request:
2 > GET http://127.0.0.1:4185/compliance/content-audit-events?limit=50
2 > Host: 127.0.0.1:4185
2 > Connection: Keep-Alive
2 > User-Agent: Apache-HttpClient/4.5.14 (Java/25.0.3)
2 > Accept-Encoding: gzip,deflate


16:18:42.421 [main] DEBUG org.apache.http.impl.conn.PoolingHttpClientConnectionManager -- Connection request: [route: {}->http://127.0.0.1:4185][total available: 0; route allocated: 0 of 5; total allocated: 0 of 10]
16:18:42.421 [main] DEBUG org.apache.http.impl.conn.PoolingHttpClientConnectionManager -- Connection leased: [id: 6][route: {}->http://127.0.0.1:4185][total available: 0; route allocated: 1 of 5; total allocated: 1 of 10]
16:18:42.421 [main] DEBUG org.apache.http.impl.execchain.MainClientExec -- Opening connection {}->http://127.0.0.1:4185
16:18:42.421 [main] DEBUG org.apache.http.impl.conn.DefaultHttpClientConnectionOperator -- Connecting to /127.0.0.1:4185
16:18:42.421 [main] DEBUG org.apache.http.impl.conn.DefaultHttpClientConnectionOperator -- Connection established 127.0.0.1:51372<->127.0.0.1:4185
16:18:42.421 [main] DEBUG org.apache.http.impl.conn.DefaultManagedHttpClientConnection -- http-outgoing-6: set socket timeout to 10000
16:18:42.421 [main] DEBUG org.apache.http.impl.execchain.MainClientExec -- Executing request GET /compliance/content-audit-events?limit=50 HTTP/1.1
16:18:42.421 [main] DEBUG org.apache.http.impl.execchain.MainClientExec -- Target auth state: UNCHALLENGED
16:18:42.421 [main] DEBUG org.apache.http.impl.execchain.MainClientExec -- Proxy auth state: UNCHALLENGED
16:18:42.421 [main] DEBUG org.apache.http.headers -- http-outgoing-6 >> GET /compliance/content-audit-events?limit=50 HTTP/1.1
16:18:42.421 [main] DEBUG org.apache.http.headers -- http-outgoing-6 >> Host: 127.0.0.1:4185
16:18:42.421 [main] DEBUG org.apache.http.headers -- http-outgoing-6 >> Connection: Keep-Alive
16:18:42.421 [main] DEBUG org.apache.http.headers -- http-outgoing-6 >> User-Agent: Apache-HttpClient/4.5.14 (Java/25.0.3)
16:18:42.421 [main] DEBUG org.apache.http.headers -- http-outgoing-6 >> Accept-Encoding: gzip,deflate
16:18:42.421 [main] DEBUG org.apache.http.wire -- http-outgoing-6 >> "GET /compliance/content-audit-events?limit=50 HTTP/1.1[\r][\n]"
16:18:42.421 [main] DEBUG org.apache.http.wire -- http-outgoing-6 >> "Host: 127.0.0.1:4185[\r][\n]"
16:18:42.421 [main] DEBUG org.apache.http.wire -- http-outgoing-6 >> "Connection: Keep-Alive[\r][\n]"
16:18:42.421 [main] DEBUG org.apache.http.wire -- http-outgoing-6 >> "User-Agent: Apache-HttpClient/4.5.14 (Java/25.0.3)[\r][\n]"
16:18:42.421 [main] DEBUG org.apache.http.wire -- http-outgoing-6 >> "Accept-Encoding: gzip,deflate[\r][\n]"
16:18:42.421 [main] DEBUG org.apache.http.wire -- http-outgoing-6 >> "[\r][\n]"
16:18:42.423 [main] DEBUG org.apache.http.wire -- http-outgoing-6 << "HTTP/1.1 200 OK[\r][\n]"
16:18:42.423 [main] DEBUG org.apache.http.wire -- http-outgoing-6 << "date: Tue, 02 Jun 2026 20:18:41 GMT[\r][\n]"
16:18:42.423 [main] DEBUG org.apache.http.wire -- http-outgoing-6 << "server: uvicorn[\r][\n]"
16:18:42.423 [main] DEBUG org.apache.http.wire -- http-outgoing-6 << "content-length: 2305[\r][\n]"
16:18:42.423 [main] DEBUG org.apache.http.wire -- http-outgoing-6 << "content-type: application/json[\r][\n]"
16:18:42.423 [main] DEBUG org.apache.http.wire -- http-outgoing-6 << "[\r][\n]"
16:18:42.423 [main] DEBUG org.apache.http.wire -- http-outgoing-6 << "{"ok":true,"events":[{"eventId":"AUD-KARATE-0f979452","changedAt":"2026-06-02T12:00:00Z","contentDomain":"privacy","contentTitle":"Politica de Privacidade","version":"v2026.06","author":"qa.engineer","changeSummary":"Karate content audit validation","changeType":"publish"},{"eventId":"AUD-KARATE-2f61f44c","changedAt":"2026-06-02T12:00:00Z","contentDomain":"privacy","contentTitle":"Politica de Privacidade","version":"v2026.06","author":"qa.engineer","changeSummary":"Karate content audit validation","changeType":"publish"},{"eventId":"AUD-KARATE-8f4610af","changedAt":"2026-06-02T12:00:00Z","contentDomain":"privacy","contentTitle":"Politica de Privacidade","version":"v2026.06","author":"qa.engineer","changeSummary":"Karate content audit validation","changeType":"publish"},{"eventId":"AUD-20260523-003","changedAt":"2026-05-23T12:40:00Z","contentDomain":"faq","contentTitle":"FAQ Curada","version":"v2026.1","author":"Equipe Editorial Conecta","changeSummary":"Publicacao de respostas oficiais consolidadas a partir das paginas criticas do portal.","changeType":"publish"},{"eventId":"AUD-20260523-002","changedAt":"2026-05-23T11:05:00Z","contentDomain":"privacy_policy","contentTitle":"Politica de Privacidade","version":"v2026.1","author":"Time de Compliance","changeSummary":"Atualizacao de vigencia, changelog e transparencia de cookies por categoria.","changeType":"revision"},{"eventId":"AUD-20260523-001","changedAt":"2026-05-23T09:10:00Z","contentDomain":"terms_of_use","contentTitle":"Termos de Uso","version":"v2026.1","author":"Time Juridico e Compliance","changeSummary":"Publicacao versionada com regras de uso aceitavel e limites de responsabilidade.","changeType":"publish"},{"eventId":"AUD-20260520-001","changedAt":"2026-05-20T10:30:00Z","contentDomain":"registration_guidance","contentTitle":"Orientacoes de Inscricao","version":"v2026.2","author":"Comite de Programa PRISM","changeSummary":"Consolidacao de criterios, vigencia e fluxo oficial para submissao externa.","changeType":"publish"},{"eventId":"AUD-20260512-001","changedAt":"2026-05-12T14:20:00Z","contentDomain":"privacy_policy","contentTitle":"Politica de Privacidade","version":"v2026.0","author":"Time de Compliance","changeSummary":"Publicacao inicial do resumo de privacidade do portal.","changeType":"publish"}]}"
16:18:42.423 [main] DEBUG org.apache.http.headers -- http-outgoing-6 << HTTP/1.1 200 OK
16:18:42.423 [main] DEBUG org.apache.http.headers -- http-outgoing-6 << date: Tue, 02 Jun 2026 20:18:41 GMT
16:18:42.423 [main] DEBUG org.apache.http.headers -- http-outgoing-6 << server: uvicorn
16:18:42.423 [main] DEBUG org.apache.http.headers -- http-outgoing-6 << content-length: 2305
16:18:42.423 [main] DEBUG org.apache.http.headers -- http-outgoing-6 << content-type: application/json
16:18:42.423 [main] DEBUG org.apache.http.impl.execchain.MainClientExec -- Connection can be kept alive indefinitely
16:18:42.424 [main] DEBUG org.apache.http.impl.conn.PoolingHttpClientConnectionManager -- Connection [id: 6][route: {}->http://127.0.0.1:4185] can be kept alive indefinitely
16:18:42.424 [main] DEBUG org.apache.http.impl.conn.DefaultManagedHttpClientConnection -- http-outgoing-6: set socket timeout to 0
16:18:42.424 [main] DEBUG org.apache.http.impl.conn.PoolingHttpClientConnectionManager -- Connection released: [id: 6][route: {}->http://127.0.0.1:4185][total available: 1; route allocated: 1 of 5; total allocated: 1 of 10]
16:18:42.424 [main] DEBUG org.apache.http.impl.conn.PoolingHttpClientConnectionManager -- Connection manager is shutting down
16:18:42.424 [main] DEBUG org.apache.http.impl.conn.DefaultManagedHttpClientConnection -- http-outgoing-6: Close connection
16:18:42.424 [main] DEBUG org.apache.http.impl.conn.PoolingHttpClientConnectionManager -- Connection manager shut down
16:18:42.424 [main] DEBUG com.intuit.karate -- response time in milliseconds: 3
2 < 200
2 < date: Tue, 02 Jun 2026 20:18:41 GMT
2 < server: uvicorn
2 < content-length: 2305
2 < content-type: application/json
{"ok":true,"events":[{"eventId":"AUD-KARATE-0f979452","changedAt":"2026-06-02T12:00:00Z","contentDomain":"privacy","contentTitle":"Politica de Privacidade","version":"v2026.06","author":"qa.engineer","changeSummary":"Karate content audit validation","changeType":"publish"},{"eventId":"AUD-KARATE-2f61f44c","changedAt":"2026-06-02T12:00:00Z","contentDomain":"privacy","contentTitle":"Politica de Privacidade","version":"v2026.06","author":"qa.engineer","changeSummary":"Karate content audit validation","changeType":"publish"},{"eventId":"AUD-KARATE-8f4610af","changedAt":"2026-06-02T12:00:00Z","contentDomain":"privacy","contentTitle":"Politica de Privacidade","version":"v2026.06","author":"qa.engineer","changeSummary":"Karate content audit validation","changeType":"publish"},{"eventId":"AUD-20260523-003","changedAt":"2026-05-23T12:40:00Z","contentDomain":"faq","contentTitle":"FAQ Curada","version":"v2026.1","author":"Equipe Editorial Conecta","changeSummary":"Publicacao de respostas oficiais consolidadas a partir das paginas criticas do portal.","changeType":"publish"},{"eventId":"AUD-20260523-002","changedAt":"2026-05-23T11:05:00Z","contentDomain":"privacy_policy","contentTitle":"Politica de Privacidade","version":"v2026.1","author":"Time de Compliance","changeSummary":"Atualizacao de vigencia, changelog e transparencia de cookies por categoria.","changeType":"revision"},{"eventId":"AUD-20260523-001","changedAt":"2026-05-23T09:10:00Z","contentDomain":"terms_of_use","contentTitle":"Termos de Uso","version":"v2026.1","author":"Time Juridico e Compliance","changeSummary":"Publicacao versionada com regras de uso aceitavel e limites de responsabilidade.","changeType":"publish"},{"eventId":"AUD-20260520-001","changedAt":"2026-05-20T10:30:00Z","contentDomain":"registration_guidance","contentTitle":"Orientacoes de Inscricao","version":"v2026.2","author":"Comite de Programa PRISM","changeSummary":"Consolidacao de criterios, vigencia e fluxo oficial para submissao externa.","changeType":"publish"},{"eventId":"AUD-20260512-001","changedAt":"2026-05-12T14:20:00Z","contentDomain":"privacy_policy","contentTitle":"Politica de Privacidade","version":"v2026.0","author":"Time de Compliance","changeSummary":"Publicacao inicial do resumo de privacidade do portal.","changeType":"publish"}]}

16:18:42.425 [main] DEBUG com.jayway.jsonpath.internal.path.CompiledPath -- Evaluating path: $
16:18:42.440 [main] DEBUG org.thymeleaf.TemplateEngine -- [THYMELEAF] INITIALIZING TEMPLATE ENGINE
16:18:42.501 [main] DEBUG org.thymeleaf.TemplateEngine.CONFIG -- Initializing Thymeleaf Template engine configuration...
[THYMELEAF] TEMPLATE ENGINE CONFIGURATION:
[THYMELEAF] * Thymeleaf version: 3.1.2.RELEASE (built 2023-07-30T19:25:50+0000)
[THYMELEAF] * Cache Manager implementation: org.thymeleaf.cache.StandardCacheManager
[THYMELEAF] * Template resolvers:
[THYMELEAF]     * [1] com.intuit.karate.template.ResourceHtmlTemplateResolver
[THYMELEAF] * Message resolvers:
[THYMELEAF]     * org.thymeleaf.messageresolver.StandardMessageResolver
[THYMELEAF] * Link builders:
[THYMELEAF]     * org.thymeleaf.linkbuilder.StandardLinkBuilder
[THYMELEAF] * Dialect [1 of 2]: Standard (com.intuit.karate.template.KarateStandardDialect)
[THYMELEAF]     * Prefix: "th"
[THYMELEAF]     * Processors for Template Mode: HTML
[THYMELEAF]         * Element Tag Processors by [matching element and attribute name] [precedence]:
[THYMELEAF]             * [* {th:include,data-th-include}] [100]: org.thymeleaf.standard.processor.StandardIncludeTagProcessor
[THYMELEAF]             * [* {th:insert,data-th-insert}] [100]: org.thymeleaf.standard.processor.StandardInsertTagProcessor
[THYMELEAF]             * [* {th:replace,data-th-replace}] [100]: org.thymeleaf.standard.processor.StandardReplaceTagProcessor
[THYMELEAF]             * [* {th:each,data-th-each}] [200]: com.intuit.karate.template.KarateEachTagProcessor
[THYMELEAF]             * [* {th:switch,data-th-switch}] [250]: org.thymeleaf.standard.processor.StandardSwitchTagProcessor
[THYMELEAF]             * [* {th:case,data-th-case}] [275]: org.thymeleaf.standard.processor.StandardCaseTagProcessor
[THYMELEAF]             * [* {th:if,data-th-if}] [300]: org.thymeleaf.standard.processor.StandardIfTagProcessor
[THYMELEAF]             * [* {th:unless,data-th-unless}] [400]: org.thymeleaf.standard.processor.StandardUnlessTagProcessor
[THYMELEAF]             * [* {th:object,data-th-object}] [500]: org.thymeleaf.standard.processor.StandardObjectTagProcessor
[THYMELEAF]             * [* {th:with,data-th-with}] [600]: com.intuit.karate.template.KarateWithTagProcessor
[THYMELEAF]             * [* {th:attr,data-th-attr}] [700]: com.intuit.karate.template.KarateAttributeTagProcessor.KarateAttrTagProcessor
[THYMELEAF]             * [* {th:attrappend,data-th-attrappend}] [900]: com.intuit.karate.template.KarateAttributeTagProcessor.KarateAttrappendTagProcessor
[THYMELEAF]             * [* {th:attrprepend,data-th-attrprepend}] [900]: com.intuit.karate.template.KarateAttributeTagProcessor.KarateAttrprependTagProcessor
[THYMELEAF]             * [* {th:alt-title,data-th-alt-title}] [990]: org.thymeleaf.standard.processor.StandardAltTitleTagProcessor
[THYMELEAF]             * [* {th:lang-xmllang,data-th-lang-xmllang}] [990]: org.thymeleaf.standard.processor.StandardLangXmlLangTagProcessor
[THYMELEAF]             * [* {th:action,data-th-action}] [1000]: org.thymeleaf.standard.processor.StandardActionTagProcessor
[THYMELEAF]             * [* {th:hidden,data-th-hidden}] [1000]: org.thymeleaf.standard.processor.StandardConditionalFixedValueTagProcessor
[THYMELEAF]             * [* {th:reversed,data-th-reversed}] [1000]: org.thymeleaf.standard.processor.StandardConditionalFixedValueTagProcessor
[THYMELEAF]             * [* {th:multiple,data-th-multiple}] [1000]: org.thymeleaf.standard.processor.StandardConditionalFixedValueTagProcessor
[THYMELEAF]             * [* {th:required,data-th-required}] [1000]: org.thymeleaf.standard.processor.StandardConditionalFixedValueTagProcessor
[THYMELEAF]             * [* {th:defer,data-th-defer}] [1000]: org.thymeleaf.standard.processor.StandardConditionalFixedValueTagProcessor
[THYMELEAF]             * [* {th:autoplay,data-th-autoplay}] [1000]: org.thymeleaf.standard.processor.StandardConditionalFixedValueTagProcessor
[THYMELEAF]             * [* {th:checked,data-th-checked}] [1000]: org.thymeleaf.standard.processor.StandardConditionalFixedValueTagProcessor
[THYMELEAF]             * [* {th:pubdate,data-th-pubdate}] [1000]: org.thymeleaf.standard.processor.StandardConditionalFixedValueTagProcessor
[THYMELEAF]             * [* {th:declare,data-th-declare}] [1000]: org.thymeleaf.standard.processor.StandardConditionalFixedValueTagProcessor
[THYMELEAF]             * [* {th:formnovalidate,data-th-formnovalidate}] [1000]: org.thymeleaf.standard.processor.StandardConditionalFixedValueTagProcessor
[THYMELEAF]             * [* {th:nowrap,data-th-nowrap}] [1000]: org.thymeleaf.standard.processor.StandardConditionalFixedValueTagProcessor
[THYMELEAF]             * [* {th:default,data-th-default}] [1000]: org.thymeleaf.standard.processor.StandardConditionalFixedValueTagProcessor
[THYMELEAF]             * [* {th:autofocus,data-th-autofocus}] [1000]: org.thymeleaf.standard.processor.StandardConditionalFixedValueTagProcessor
[THYMELEAF]             * [* {th:async,data-th-async}] [1000]: org.thymeleaf.standard.processor.StandardConditionalFixedValueTagProcessor
[THYMELEAF]             * [* {th:controls,data-th-controls}] [1000]: org.thymeleaf.standard.processor.StandardConditionalFixedValueTagProcessor
[THYMELEAF]             * [* {th:open,data-th-open}] [1000]: org.thymeleaf.standard.processor.StandardConditionalFixedValueTagProcessor
[THYMELEAF]             * [* {th:loop,data-th-loop}] [1000]: org.thymeleaf.standard.processor.StandardConditionalFixedValueTagProcessor
[THYMELEAF]             * [* {th:seamless,data-th-seamless}] [1000]: org.thymeleaf.standard.processor.StandardConditionalFixedValueTagProcessor
[THYMELEAF]             * [* {th:disabled,data-th-disabled}] [1000]: org.thymeleaf.standard.processor.StandardConditionalFixedValueTagProcessor
[THYMELEAF]             * [* {th:selected,data-th-selected}] [1000]: org.thymeleaf.standard.processor.StandardConditionalFixedValueTagProcessor
[THYMELEAF]             * [* {th:ismap,data-th-ismap}] [1000]: org.thymeleaf.standard.processor.StandardConditionalFixedValueTagProcessor
[THYMELEAF]             * [* {th:novalidate,data-th-novalidate}] [1000]: org.thymeleaf.standard.processor.StandardConditionalFixedValueTagProcessor
[THYMELEAF]             * [* {th:readonly,data-th-readonly}] [1000]: org.thymeleaf.standard.processor.StandardConditionalFixedValueTagProcessor
[THYMELEAF]             * [* {th:scoped,data-th-scoped}] [1000]: org.thymeleaf.standard.processor.StandardConditionalFixedValueTagProcessor
[THYMELEAF]             * [* {th:onkeypress,data-th-onkeypress}] [1000]: org.thymeleaf.standard.processor.StandardDOMEventAttributeTagProcessor
[THYMELEAF]             * [* {th:onafterprint,data-th-onafterprint}] [1000]: org.thymeleaf.standard.processor.StandardDOMEventAttributeTagProcessor
[THYMELEAF]             * [* {th:onreadystatechange,data-th-onreadystatechange}] [1000]: org.thymeleaf.standard.processor.StandardDOMEventAttributeTagProcessor
[THYMELEAF]             * [* {th:onresize,data-th-onresize}] [1000]: org.thymeleaf.standard.processor.StandardDOMEventAttributeTagProcessor
[THYMELEAF]             * [* {th:onerror,data-th-onerror}] [1000]: org.thymeleaf.standard.processor.StandardDOMEventAttributeTagProcessor
[THYMELEAF]             * [* {th:onfocus,data-th-onfocus}] [1000]: org.thymeleaf.standard.processor.StandardDOMEventAttributeTagProcessor
[THYMELEAF]             * [* {th:onshow,data-th-onshow}] [1000]: org.thymeleaf.standard.processor.StandardDOMEventAttributeTagProcessor
[THYMELEAF]             * [* {th:onload,data-th-onload}] [1000]: org.thymeleaf.standard.processor.StandardDOMEventAttributeTagProcessor
[THYMELEAF]             * [* {th:onmousewheel,data-th-onmousewheel}] [1000]: org.thymeleaf.standard.processor.StandardDOMEventAttributeTagProcessor
[THYMELEAF]             * [* {th:onplaying,data-th-onplaying}] [1000]: org.thymeleaf.standard.processor.StandardDOMEventAttributeTagProcessor
[THYMELEAF]             * [* {th:onwaiting,data-th-onwaiting}] [1000]: org.thymeleaf.standard.processor.StandardDOMEventAttributeTagProcessor
[THYMELEAF]             * [* {th:onmousedown,data-th-onmousedown}] [1000]: org.thymeleaf.standard.processor.StandardDOMEventAttributeTagProcessor
[THYMELEAF]             * [* {th:onstalled,data-th-onstalled}] [1000]: org.thymeleaf.standard.processor.StandardDOMEventAttributeTagProcessor
[THYMELEAF]             * [* {th:onvolumechange,data-th-onvolumechange}] [1000]: org.thymeleaf.standard.processor.StandardDOMEventAttributeTagProcessor
[THYMELEAF]             * [* {th:onseeking,data-th-onseeking}] [1000]: org.thymeleaf.standard.processor.StandardDOMEventAttributeTagProcessor
[THYMELEAF]             * [* {th:onemptied,data-th-onemptied}] [1000]: org.thymeleaf.standard.processor.StandardDOMEventAttributeTagProcessor
[THYMELEAF]             * [* {th:onchange,data-th-onchange}] [1000]: org.thymeleaf.standard.processor.StandardDOMEventAttributeTagProcessor
[THYMELEAF]             * [* {th:onformchange,data-th-onformchange}] [1000]: org.thymeleaf.standard.processor.StandardDOMEventAttributeTagProcessor
[THYMELEAF]             * [* {th:onsubmit,data-th-onsubmit}] [1000]: org.thymeleaf.standard.processor.StandardDOMEventAttributeTagProcessor
[THYMELEAF]             * [* {th:onforminput,data-th-onforminput}] [1000]: org.thymeleaf.standard.processor.StandardDOMEventAttributeTagProcessor
[THYMELEAF]             * [* {th:oninput,data-th-oninput}] [1000]: org.thymeleaf.standard.processor.StandardDOMEventAttributeTagProcessor
[THYMELEAF]             * [* {th:onmessage,data-th-onmessage}] [1000]: org.thymeleaf.standard.processor.StandardDOMEventAttributeTagProcessor
[THYMELEAF]             * [* {th:ondragenter,data-th-ondragenter}] [1000]: org.thymeleaf.standard.processor.StandardDOMEventAttributeTagProcessor
[THYMELEAF]             * [* {th:onundo,data-th-onundo}] [1000]: org.thymeleaf.standard.processor.StandardDOMEventAttributeTagProcessor
[THYMELEAF]             * [* {th:onblur,data-th-onblur}] [1000]: org.thymeleaf.standard.processor.StandardDOMEventAttributeTagProcessor
[THYMELEAF]             * [* {th:ondragover,data-th-ondragover}] [1000]: org.thymeleaf.standard.processor.StandardDOMEventAttributeTagProcessor
[THYMELEAF]             * [* {th:onseeked,data-th-onseeked}] [1000]: org.thymeleaf.standard.processor.StandardDOMEventAttributeTagProcessor
[THYMELEAF]             * [* {th:ondragend,data-th-ondragend}] [1000]: org.thymeleaf.standard.processor.StandardDOMEventAttributeTagProcessor
[THYMELEAF]             * [* {th:ondurationchange,data-th-ondurationchange}] [1000]: org.thymeleaf.standard.processor.StandardDOMEventAttributeTagProcessor
[THYMELEAF]             * [* {th:onclick,data-th-onclick}] [1000]: org.thymeleaf.standard.processor.StandardDOMEventAttributeTagProcessor
[THYMELEAF]             * [* {th:onabort,data-th-onabort}] [1000]: org.thymeleaf.standard.processor.StandardDOMEventAttributeTagProcessor
[THYMELEAF]             * [* {th:onstorage,data-th-onstorage}] [1000]: org.thymeleaf.standard.processor.StandardDOMEventAttributeTagProcessor
[THYMELEAF]             * [* {th:onreset,data-th-onreset}] [1000]: org.thymeleaf.standard.processor.StandardDOMEventAttributeTagProcessor
[THYMELEAF]             * [* {th:onhashchange,data-th-onhashchange}] [1000]: org.thymeleaf.standard.processor.StandardDOMEventAttributeTagProcessor
[THYMELEAF]             * [* {th:onkeydown,data-th-onkeydown}] [1000]: org.thymeleaf.standard.processor.StandardDOMEventAttributeTagProcessor
[THYMELEAF]             * [* {th:onoffline,data-th-onoffline}] [1000]: org.thymeleaf.standard.processor.StandardDOMEventAttributeTagProcessor
[THYMELEAF]             * [* {th:onmouseout,data-th-onmouseout}] [1000]: org.thymeleaf.standard.processor.StandardDOMEventAttributeTagProcessor
[THYMELEAF]             * [* {th:onmouseup,data-th-onmouseup}] [1000]: org.thymeleaf.standard.processor.StandardDOMEventAttributeTagProcessor
[THYMELEAF]             * [* {th:ondrag,data-th-ondrag}] [1000]: org.thymeleaf.standard.processor.StandardDOMEventAttributeTagProcessor
[THYMELEAF]             * [* {th:onpause,data-th-onpause}] [1000]: org.thymeleaf.standard.processor.StandardDOMEventAttributeTagProcessor
[THYMELEAF]             * [* {th:onkeyup,data-th-onkeyup}] [1000]: org.thymeleaf.standard.processor.StandardDOMEventAttributeTagProcessor
[THYMELEAF]             * [* {th:oncanplaythrough,data-th-oncanplaythrough}] [1000]: org.thymeleaf.standard.processor.StandardDOMEventAttributeTagProcessor
[THYMELEAF]             * [* {th:oncanplay,data-th-oncanplay}] [1000]: org.thymeleaf.standard.processor.StandardDOMEventAttributeTagProcessor
[THYMELEAF]             * [* {th:onunload,data-th-onunload}] [1000]: org.thymeleaf.standard.processor.StandardDOMEventAttributeTagProcessor
[THYMELEAF]             * [* {th:onloadeddata,data-th-onloadeddata}] [1000]: org.thymeleaf.standard.processor.StandardDOMEventAttributeTagProcessor
[THYMELEAF]             * [* {th:ondrop,data-th-ondrop}] [1000]: org.thymeleaf.standard.processor.StandardDOMEventAttributeTagProcessor
[THYMELEAF]             * [* {th:ondragleave,data-th-ondragleave}] [1000]: org.thymeleaf.standard.processor.StandardDOMEventAttributeTagProcessor
[THYMELEAF]             * [* {th:ondragstart,data-th-ondragstart}] [1000]: org.thymeleaf.standard.processor.StandardDOMEventAttributeTagProcessor
[THYMELEAF]             * [* {th:onloadedmetadata,data-th-onloadedmetadata}] [1000]: org.thymeleaf.standard.processor.StandardDOMEventAttributeTagProcessor
[THYMELEAF]             * [* {th:onredo,data-th-onredo}] [1000]: org.thymeleaf.standard.processor.StandardDOMEventAttributeTagProcessor
[THYMELEAF]             * [* {th:onselect,data-th-onselect}] [1000]: org.thymeleaf.standard.processor.StandardDOMEventAttributeTagProcessor
[THYMELEAF]             * [* {th:onpopstate,data-th-onpopstate}] [1000]: org.thymeleaf.standard.processor.StandardDOMEventAttributeTagProcessor
[THYMELEAF]             * [* {th:ontimeupdate,data-th-ontimeupdate}] [1000]: org.thymeleaf.standard.processor.StandardDOMEventAttributeTagProcessor
[THYMELEAF]             * [* {th:oninvalid,data-th-oninvalid}] [1000]: org.thymeleaf.standard.processor.StandardDOMEventAttributeTagProcessor
[THYMELEAF]             * [* {th:onended,data-th-onended}] [1000]: org.thymeleaf.standard.processor.StandardDOMEventAttributeTagProcessor
[THYMELEAF]             * [* {th:onratechange,data-th-onratechange}] [1000]: org.thymeleaf.standard.processor.StandardDOMEventAttributeTagProcessor
[THYMELEAF]             * [* {th:oncontextmenu,data-th-oncontextmenu}] [1000]: org.thymeleaf.standard.processor.StandardDOMEventAttributeTagProcessor
[THYMELEAF]             * [* {th:onbeforeprint,data-th-onbeforeprint}] [1000]: org.thymeleaf.standard.processor.StandardDOMEventAttributeTagProcessor
[THYMELEAF]             * [* {th:onplay,data-th-onplay}] [1000]: org.thymeleaf.standard.processor.StandardDOMEventAttributeTagProcessor
[THYMELEAF]             * [* {th:onscroll,data-th-onscroll}] [1000]: org.thymeleaf.standard.processor.StandardDOMEventAttributeTagProcessor
[THYMELEAF]             * [* {th:onprogress,data-th-onprogress}] [1000]: org.thymeleaf.standard.processor.StandardDOMEventAttributeTagProcessor
[THYMELEAF]             * [* {th:onmousemove,data-th-onmousemove}] [1000]: org.thymeleaf.standard.processor.StandardDOMEventAttributeTagProcessor
[THYMELEAF]             * [* {th:onloadstart,data-th-onloadstart}] [1000]: org.thymeleaf.standard.processor.StandardDOMEventAttributeTagProcessor
[THYMELEAF]             * [* {th:onbeforeunload,data-th-onbeforeunload}] [1000]: org.thymeleaf.standard.processor.StandardDOMEventAttributeTagProcessor
[THYMELEAF]             * [* {th:ondblclick,data-th-ondblclick}] [1000]: org.thymeleaf.standard.processor.StandardDOMEventAttributeTagProcessor
[THYMELEAF]             * [* {th:ononline,data-th-ononline}] [1000]: org.thymeleaf.standard.processor.StandardDOMEventAttributeTagProcessor
[THYMELEAF]             * [* {th:onmouseover,data-th-onmouseover}] [1000]: org.thymeleaf.standard.processor.StandardDOMEventAttributeTagProcessor
[THYMELEAF]             * [* {th:onsuspend,data-th-onsuspend}] [1000]: org.thymeleaf.standard.processor.StandardDOMEventAttributeTagProcessor
[THYMELEAF]             * [* {th:href,data-th-href}] [1000]: org.thymeleaf.standard.processor.StandardHrefTagProcessor
[THYMELEAF]             * [* {th:inline,data-th-inline}] [1000]: org.thymeleaf.standard.processor.StandardInlineHTMLTagProcessor
[THYMELEAF]             * [* {th:method,data-th-method}] [1000]: org.thymeleaf.standard.processor.StandardMethodTagProcessor
[THYMELEAF]             * [* {th:type,data-th-type}] [1000]: org.thymeleaf.standard.processor.StandardNonRemovableAttributeTagProcessor
[THYMELEAF]             * [* {th:name,data-th-name}] [1000]: org.thymeleaf.standard.processor.StandardNonRemovableAttributeTagProcessor
[THYMELEAF]             * [* {th:longdesc,data-th-longdesc}] [1000]: org.thymeleaf.standard.processor.StandardRemovableAttributeTagProcessor
[THYMELEAF]             * [* {th:formenctype,data-th-formenctype}] [1000]: org.thymeleaf.standard.processor.StandardRemovableAttributeTagProcessor
[THYMELEAF]             * [* {th:low,data-th-low}] [1000]: org.thymeleaf.standard.processor.StandardRemovableAttributeTagProcessor
[THYMELEAF]             * [* {th:accept,data-th-accept}] [1000]: org.thymeleaf.standard.processor.StandardRemovableAttributeTagProcessor
[THYMELEAF]             * [* {th:maxlength,data-th-maxlength}] [1000]: org.thymeleaf.standard.processor.StandardRemovableAttributeTagProcessor
[THYMELEAF]             * [* {th:background,data-th-background}] [1000]: org.thymeleaf.standard.processor.StandardRemovableAttributeTagProcessor
[THYMELEAF]             * [* {th:high,data-th-high}] [1000]: org.thymeleaf.standard.processor.StandardRemovableAttributeTagProcessor
[THYMELEAF]             * [* {th:placeholder,data-th-placeholder}] [1000]: org.thymeleaf.standard.processor.StandardRemovableAttributeTagProcessor
[THYMELEAF]             * [* {th:media,data-th-media}] [1000]: org.thymeleaf.standard.processor.StandardRemovableAttributeTagProcessor
[THYMELEAF]             * [* {th:rev,data-th-rev}] [1000]: org.thymeleaf.standard.processor.StandardRemovableAttributeTagProcessor
[THYMELEAF]             * [* {th:poster,data-th-poster}] [1000]: org.thymeleaf.standard.processor.StandardRemovableAttributeTagProcessor
[THYMELEAF]             * [* {th:title,data-th-title}] [1000]: org.thymeleaf.standard.processor.StandardRemovableAttributeTagProcessor
[THYMELEAF]             * [* {th:rel,data-th-rel}] [1000]: org.thymeleaf.standard.processor.StandardRemovableAttributeTagProcessor
[THYMELEAF]             * [* {th:optimum,data-th-optimum}] [1000]: org.thymeleaf.standard.processor.StandardRemovableAttributeTagProcessor
[THYMELEAF]             * [* {th:formaction,data-th-formaction}] [1000]: org.thymeleaf.standard.processor.StandardRemovableAttributeTagProcessor
[THYMELEAF]             * [* {th:align,data-th-align}] [1000]: org.thymeleaf.standard.processor.StandardRemovableAttributeTagProcessor
[THYMELEAF]             * [* {th:radiogroup,data-th-radiogroup}] [1000]: org.thymeleaf.standard.processor.StandardRemovableAttributeTagProcessor
[THYMELEAF]             * [* {th:abbr,data-th-abbr}] [1000]: org.thymeleaf.standard.processor.StandardRemovableAttributeTagProcessor
[THYMELEAF]             * [* {th:min,data-th-min}] [1000]: org.thymeleaf.standard.processor.StandardRemovableAttributeTagProcessor
[THYMELEAF]             * [* {th:hspace,data-th-hspace}] [1000]: org.thymeleaf.standard.processor.StandardRemovableAttributeTagProcessor
[THYMELEAF]             * [* {th:datetime,data-th-datetime}] [1000]: org.thymeleaf.standard.processor.StandardRemovableAttributeTagProcessor
[THYMELEAF]             * [* {th:enctype,data-th-enctype}] [1000]: org.thymeleaf.standard.processor.StandardRemovableAttributeTagProcessor
[THYMELEAF]             * [* {th:manifest,data-th-manifest}] [1000]: org.thymeleaf.standard.processor.StandardRemovableAttributeTagProcessor
[THYMELEAF]             * [* {th:dropzone,data-th-dropzone}] [1000]: org.thymeleaf.standard.processor.StandardRemovableAttributeTagProcessor
[THYMELEAF]             * [* {th:form,data-th-form}] [1000]: org.thymeleaf.standard.processor.StandardRemovableAttributeTagProcessor
[THYMELEAF]             * [* {th:draggable,data-th-draggable}] [1000]: org.thymeleaf.standard.processor.StandardRemovableAttributeTagProcessor
[THYMELEAF]             * [* {th:http-equiv,data-th-http-equiv}] [1000]: org.thymeleaf.standard.processor.StandardRemovableAttributeTagProcessor
[THYMELEAF]             * [* {th:id,data-th-id}] [1000]: org.thymeleaf.standard.processor.StandardRemovableAttributeTagProcessor
[THYMELEAF]             * [* {th:rules,data-th-rules}] [1000]: org.thymeleaf.standard.processor.StandardRemovableAttributeTagProcessor
[THYMELEAF]             * [* {th:dir,data-th-dir}] [1000]: org.thymeleaf.standard.processor.StandardRemovableAttributeTagProcessor
[THYMELEAF]             * [* {th:kind,data-th-kind}] [1000]: org.thymeleaf.standard.processor.StandardRemovableAttributeTagProcessor
[THYMELEAF]             * [* {th:sandbox,data-th-sandbox}] [1000]: org.thymeleaf.standard.processor.StandardRemovableAttributeTagProcessor
[THYMELEAF]             * [* {th:bgcolor,data-th-bgcolor}] [1000]: org.thymeleaf.standard.processor.StandardRemovableAttributeTagProcessor
[THYMELEAF]             * [* {th:style,data-th-style}] [1000]: org.thymeleaf.standard.processor.StandardRemovableAttributeTagProcessor
[THYMELEAF]             * [* {th:sizes,data-th-sizes}] [1000]: org.thymeleaf.standard.processor.StandardRemovableAttributeTagProcessor
[THYMELEAF]             * [* {th:challenge,data-th-challenge}] [1000]: org.thymeleaf.standard.processor.StandardRemovableAttributeTagProcessor
[THYMELEAF]             * [* {th:marginwidth,data-th-marginwidth}] [1000]: org.thymeleaf.standard.processor.StandardRemovableAttributeTagProcessor
[THYMELEAF]             * [* {th:valuetype,data-th-valuetype}] [1000]: org.thymeleaf.standard.processor.StandardRemovableAttributeTagProcessor
[THYMELEAF]             * [* {th:spellcheck,data-th-spellcheck}] [1000]: org.thymeleaf.standard.processor.StandardRemovableAttributeTagProcessor
[THYMELEAF]             * [* {th:span,data-th-span}] [1000]: org.thymeleaf.standard.processor.StandardRemovableAttributeTagProcessor
[THYMELEAF]             * [* {th:frameborder,data-th-frameborder}] [1000]: org.thymeleaf.standard.processor.StandardRemovableAttributeTagProcessor
[THYMELEAF]             * [* {th:icon,data-th-icon}] [1000]: org.thymeleaf.standard.processor.StandardRemovableAttributeTagProcessor
[THYMELEAF]             * [* {th:hreflang,data-th-hreflang}] [1000]: org.thymeleaf.standard.processor.StandardRemovableAttributeTagProcessor
[THYMELEAF]             * [* {th:summary,data-th-summary}] [1000]: org.thymeleaf.standard.processor.StandardRemovableAttributeTagProcessor
[THYMELEAF]             * [* {th:scope,data-th-scope}] [1000]: org.thymeleaf.standard.processor.StandardRemovableAttributeTagProcessor
[THYMELEAF]             * [* {th:for,data-th-for}] [1000]: org.thymeleaf.standard.processor.StandardRemovableAttributeTagProcessor
[THYMELEAF]             * [* {th:target,data-th-target}] [1000]: org.thymeleaf.standard.processor.StandardRemovableAttributeTagProcessor
[THYMELEAF]             * [* {th:scheme,data-th-scheme}] [1000]: org.thymeleaf.standard.processor.StandardRemovableAttributeTagProcessor
[THYMELEAF]             * [* {th:cols,data-th-cols}] [1000]: org.thymeleaf.standard.processor.StandardRemovableAttributeTagProcessor
[THYMELEAF]             * [* {th:start,data-th-start}] [1000]: org.thymeleaf.standard.processor.StandardRemovableAttributeTagProcessor
[THYMELEAF]             * [* {th:contextmenu,data-th-contextmenu}] [1000]: org.thymeleaf.standard.processor.StandardRemovableAttributeTagProcessor
[THYMELEAF]             * [* {th:lang,data-th-lang}] [1000]: org.thymeleaf.standard.processor.StandardRemovableAttributeTagProcessor
[THYMELEAF]             * [* {th:marginheight,data-th-marginheight}] [1000]: org.thymeleaf.standard.processor.StandardRemovableAttributeTagProcessor
[THYMELEAF]             * [* {th:codebase,data-th-codebase}] [1000]: org.thymeleaf.standard.processor.StandardRemovableAttributeTagProcessor
[THYMELEAF]             * [* {th:preload,data-th-preload}] [1000]: org.thymeleaf.standard.processor.StandardRemovableAttributeTagProcessor
[THYMELEAF]             * [* {th:archive,data-th-archive}] [1000]: org.thymeleaf.standard.processor.StandardRemovableAttributeTagProcessor
[THYMELEAF]             * [* {th:audio,data-th-audio}] [1000]: org.thymeleaf.standard.processor.StandardRemovableAttributeTagProcessor
[THYMELEAF]             * [* {th:label,data-th-label}] [1000]: org.thymeleaf.standard.processor.StandardRemovableAttributeTagProcessor
[THYMELEAF]             * [* {th:cite,data-th-cite}] [1000]: org.thymeleaf.standard.processor.StandardRemovableAttributeTagProcessor
[THYMELEAF]             * [* {th:charset,data-th-charset}] [1000]: org.thymeleaf.standard.processor.StandardRemovableAttributeTagProcessor
[THYMELEAF]             * [* {th:data,data-th-data}] [1000]: org.thymeleaf.standard.processor.StandardRemovableAttributeTagProcessor
[THYMELEAF]             * [* {th:border,data-th-border}] [1000]: org.thymeleaf.standard.processor.StandardRemovableAttributeTagProcessor
[THYMELEAF]             * [* {th:formtarget,data-th-formtarget}] [1000]: org.thymeleaf.standard.processor.StandardRemovableAttributeTagProcessor
[THYMELEAF]             * [* {th:formmethod,data-th-formmethod}] [1000]: org.thymeleaf.standard.processor.StandardRemovableAttributeTagProcessor
[THYMELEAF]             * [* {th:axis,data-th-axis}] [1000]: org.thymeleaf.standard.processor.StandardRemovableAttributeTagProcessor
[THYMELEAF]             * [* {th:compact,data-th-compact}] [1000]: org.thymeleaf.standard.processor.StandardRemovableAttributeTagProcessor
[THYMELEAF]             * [* {th:width,data-th-width}] [1000]: org.thymeleaf.standard.processor.StandardRemovableAttributeTagProcessor
[THYMELEAF]             * [* {th:step,data-th-step}] [1000]: org.thymeleaf.standard.processor.StandardRemovableAttributeTagProcessor
[THYMELEAF]             * [* {th:headers,data-th-headers}] [1000]: org.thymeleaf.standard.processor.StandardRemovableAttributeTagProcessor
[THYMELEAF]             * [* {th:scrolling,data-th-scrolling}] [1000]: org.thymeleaf.standard.processor.StandardRemovableAttributeTagProcessor
[THYMELEAF]             * [* {th:wrap,data-th-wrap}] [1000]: org.thymeleaf.standard.processor.StandardRemovableAttributeTagProcessor
[THYMELEAF]             * [* {th:codetype,data-th-codetype}] [1000]: org.thymeleaf.standard.processor.StandardRemovableAttributeTagProcessor
[THYMELEAF]             * [* {th:rows,data-th-rows}] [1000]: org.thymeleaf.standard.processor.StandardRemovableAttributeTagProcessor
[THYMELEAF]             * [* {th:autocomplete,data-th-autocomplete}] [1000]: org.thymeleaf.standard.processor.StandardRemovableAttributeTagProcessor
[THYMELEAF]             * [* {th:rowspan,data-th-rowspan}] [1000]: org.thymeleaf.standard.processor.StandardRemovableAttributeTagProcessor
[THYMELEAF]             * [* {th:contenteditable,data-th-contenteditable}] [1000]: org.thymeleaf.standard.processor.StandardRemovableAttributeTagProcessor
[THYMELEAF]             * [* {th:size,data-th-size}] [1000]: org.thymeleaf.standard.processor.StandardRemovableAttributeTagProcessor
[THYMELEAF]             * [* {th:alt,data-th-alt}] [1000]: org.thymeleaf.standard.processor.StandardRemovableAttributeTagProcessor
[THYMELEAF]             * [* {th:frame,data-th-frame}] [1000]: org.thymeleaf.standard.processor.StandardRemovableAttributeTagProcessor
[THYMELEAF]             * [* {th:colspan,data-th-colspan}] [1000]: org.thymeleaf.standard.processor.StandardRemovableAttributeTagProcessor
[THYMELEAF]             * [* {th:class,data-th-class}] [1000]: org.thymeleaf.standard.processor.StandardRemovableAttributeTagProcessor
[THYMELEAF]             * [* {th:content,data-th-content}] [1000]: org.thymeleaf.standard.processor.StandardRemovableAttributeTagProcessor
[THYMELEAF]             * [* {th:classid,data-th-classid}] [1000]: org.thymeleaf.standard.processor.StandardRemovableAttributeTagProcessor
[THYMELEAF]             * [* {th:srclang,data-th-srclang}] [1000]: org.thymeleaf.standard.processor.StandardRemovableAttributeTagProcessor
[THYMELEAF]             * [* {th:max,data-th-max}] [1000]: org.thymeleaf.standard.processor.StandardRemovableAttributeTagProcessor
[...]
[THYMELEAF]             * [* {th:accept,data-th-accept}] [1000]: org.thymeleaf.standard.processor.StandardRemovableAttributeTagProcessor
[THYMELEAF]             * [* {th:kind,data-th-kind}] [1000]: org.thymeleaf.standard.processor.StandardRemovableAttributeTagProcessor
[THYMELEAF]             * [* {th:dropzone,data-th-dropzone}] [1000]: org.thymeleaf.standard.processor.StandardRemovableAttributeTagProcessor
[THYMELEAF]             * [* {th:summary,data-th-summary}] [1000]: org.thymeleaf.standard.processor.StandardRemovableAttributeTagProcessor
[THYMELEAF]             * [* {th:codebase,data-th-codebase}] [1000]: org.thymeleaf.standard.processor.StandardRemovableAttributeTagProcessor
[THYMELEAF]             * [* {th:step,data-th-step}] [1000]: org.thymeleaf.standard.processor.StandardRemovableAttributeTagProcessor
[THYMELEAF]             * [* {th:height,data-th-height}] [1000]: org.thymeleaf.standard.processor.StandardRemovableAttributeTagProcessor
[THYMELEAF]             * [* {th:border,data-th-border}] [1000]: org.thymeleaf.standard.processor.StandardRemovableAttributeTagProcessor
[THYMELEAF]             * [* {th:enctype,data-th-enctype}] [1000]: org.thymeleaf.standard.processor.StandardRemovableAttributeTagProcessor
[THYMELEAF]             * [* {th:cellspacing,data-th-cellspacing}] [1000]: org.thymeleaf.standard.processor.StandardRemovableAttributeTagProcessor
[THYMELEAF]             * [* {th:http-equiv,data-th-http-equiv}] [1000]: org.thymeleaf.standard.processor.StandardRemovableAttributeTagProcessor
[THYMELEAF]             * [* {th:hreflang,data-th-hreflang}] [1000]: org.thymeleaf.standard.processor.StandardRemovableAttributeTagProcessor
[THYMELEAF]             * [* {th:tabindex,data-th-tabindex}] [1000]: org.thymeleaf.standard.processor.StandardRemovableAttributeTagProcessor
[THYMELEAF]             * [* {th:size,data-th-size}] [1000]: org.thymeleaf.standard.processor.StandardRemovableAttributeTagProcessor
[THYMELEAF]             * [* {th:datetime,data-th-datetime}] [1000]: org.thymeleaf.standard.processor.StandardRemovableAttributeTagProcessor
[THYMELEAF]             * [* {th:maxlength,data-th-maxlength}] [1000]: org.thymeleaf.standard.processor.StandardRemovableAttributeTagProcessor
[THYMELEAF]             * [* {th:alt,data-th-alt}] [1000]: org.thymeleaf.standard.processor.StandardRemovableAttributeTagProcessor
[THYMELEAF]             * [* {th:background,data-th-background}] [1000]: org.thymeleaf.standard.processor.StandardRemovableAttributeTagProcessor
[THYMELEAF]             * [* {th:min,data-th-min}] [1000]: org.thymeleaf.standard.processor.StandardRemovableAttributeTagProcessor
[THYMELEAF]             * [* {th:usemap,data-th-usemap}] [1000]: org.thymeleaf.standard.processor.StandardRemovableAttributeTagProcessor
[THYMELEAF]             * [* {th:id,data-th-id}] [1000]: org.thymeleaf.standard.processor.StandardRemovableAttributeTagProcessor
[THYMELEAF]             * [* {th:vspace,data-th-vspace}] [1000]: org.thymeleaf.standard.processor.StandardRemovableAttributeTagProcessor
[THYMELEAF]             * [* {th:poster,data-th-poster}] [1000]: org.thymeleaf.standard.processor.StandardRemovableAttributeTagProcessor
[THYMELEAF]             * [* {th:class,data-th-class}] [1000]: org.thymeleaf.standard.processor.StandardRemovableAttributeTagProcessor
[THYMELEAF]             * [* {th:data,data-th-data}] [1000]: org.thymeleaf.standard.processor.StandardRemovableAttributeTagProcessor
[THYMELEAF]             * [* {th:manifest,data-th-manifest}] [1000]: org.thymeleaf.standard.processor.StandardRemovableAttributeTagProcessor
[THYMELEAF]             * [* {th:abbr,data-th-abbr}] [1000]: org.thymeleaf.standard.processor.StandardRemovableAttributeTagProcessor
[THYMELEAF]             * [* {th:scope,data-th-scope}] [1000]: org.thymeleaf.standard.processor.StandardRemovableAttributeTagProcessor
[THYMELEAF]             * [* {th:draggable,data-th-draggable}] [1000]: org.thymeleaf.standard.processor.StandardRemovableAttributeTagProcessor
[THYMELEAF]             * [* {th:content,data-th-content}] [1000]: org.thymeleaf.standard.processor.StandardRemovableAttributeTagProcessor
[THYMELEAF]             * [* {th:list,data-th-list}] [1000]: org.thymeleaf.standard.processor.StandardRemovableAttributeTagProcessor
[THYMELEAF]             * [* {th:align,data-th-align}] [1000]: org.thymeleaf.standard.processor.StandardRemovableAttributeTagProcessor
[THYMELEAF]             * [* {th:charset,data-th-charset}] [1000]: org.thymeleaf.standard.processor.StandardRemovableAttributeTagProcessor
[THYMELEAF]             * [* {th:for,data-th-for}] [1000]: org.thymeleaf.standard.processor.StandardRemovableAttributeTagProcessor
[THYMELEAF]             * [* {th:form,data-th-form}] [1000]: org.thymeleaf.standard.processor.StandardRemovableAttributeTagProcessor
[THYMELEAF]             * [* {th:rows,data-th-rows}] [1000]: org.thymeleaf.standard.processor.StandardRemovableAttributeTagProcessor
[THYMELEAF]             * [* {th:spellcheck,data-th-spellcheck}] [1000]: org.thymeleaf.standard.processor.StandardRemovableAttributeTagProcessor
[THYMELEAF]             * [* {th:width,data-th-width}] [1000]: org.thymeleaf.standard.processor.StandardRemovableAttributeTagProcessor
[THYMELEAF]             * [* {th:max,data-th-max}] [1000]: org.thymeleaf.standard.processor.StandardRemovableAttributeTagProcessor
[THYMELEAF]             * [* {th:src,data-th-src}] [1000]: org.thymeleaf.standard.processor.StandardSrcTagProcessor
[THYMELEAF]             * [* {th:value,data-th-value}] [1000]: org.thymeleaf.standard.processor.StandardValueTagProcessor
[THYMELEAF]             * [* {th:xmlbase,data-th-xmlbase}] [1000]: org.thymeleaf.standard.processor.StandardXmlBaseTagProcessor
[THYMELEAF]             * [* {th:xmllang,data-th-xmllang}] [1000]: org.thymeleaf.standard.processor.StandardXmlLangTagProcessor
[THYMELEAF]             * [* {xmlns:th}] [1000]: org.thymeleaf.standard.processor.StandardXmlNsTagProcessor
[THYMELEAF]             * [* {th:xmlspace,data-th-xmlspace}] [1000]: org.thymeleaf.standard.processor.StandardXmlSpaceTagProcessor
[THYMELEAF]             * [* {th:classappend,data-th-classappend}] [1100]: org.thymeleaf.standard.processor.StandardClassappendTagProcessor
[THYMELEAF]             * [* {th:styleappend,data-th-styleappend}] [1100]: org.thymeleaf.standard.processor.StandardStyleappendTagProcessor
[THYMELEAF]             * [* {th:text,data-th-text}] [1300]: org.thymeleaf.standard.processor.StandardTextTagProcessor
[THYMELEAF]             * [* {th:utext,data-th-utext}] [1400]: org.thymeleaf.standard.processor.StandardUtextTagProcessor
[THYMELEAF]             * [* {th:fragment,data-th-fragment}] [1500]: org.thymeleaf.standard.processor.StandardFragmentTagProcessor
[THYMELEAF]             * [* {th:assert,data-th-assert}] [1550]: org.thymeleaf.standard.processor.StandardAssertTagProcessor
[THYMELEAF]             * [* {th:remove,data-th-remove}] [1600]: org.thymeleaf.standard.processor.StandardRemoveTagProcessor
[THYMELEAF]             * [* {th:ref,data-th-ref}] [10000]: org.thymeleaf.standard.processor.StandardRefAttributeTagProcessor
[THYMELEAF]             * [{th:block,th-block} *] [100000]: org.thymeleaf.standard.processor.StandardBlockTagProcessor
[THYMELEAF]             * [* th:*] [2147483647]: org.thymeleaf.standard.processor.StandardDefaultAttributesTagProcessor
[THYMELEAF]         * Text Processors by [precedence]:
[THYMELEAF]             * [1000]: org.thymeleaf.standard.processor.StandardInliningTextProcessor
[THYMELEAF]         * DOCTYPE Processors by [precedence]:
[THYMELEAF]             * [1000]: org.thymeleaf.standard.processor.StandardTranslationDocTypeProcessor
[THYMELEAF]         * CDATA Section Processors by [precedence]:
[THYMELEAF]             * [1000]: org.thymeleaf.standard.processor.StandardInliningCDATASectionProcessor
[THYMELEAF]         * Comment Processors by [precedence]:
[THYMELEAF]             * [1000]: org.thymeleaf.standard.processor.StandardInliningCommentProcessor
[THYMELEAF]             * [1100]: org.thymeleaf.standard.processor.StandardConditionalCommentProcessor
[THYMELEAF]     * Processors for Template Mode: XML
[THYMELEAF]         * Element Tag Processors by [matching element and attribute name] [precedence]:
[THYMELEAF]             * [* {th:include}] [100]: org.thymeleaf.standard.processor.StandardIncludeTagProcessor
[THYMELEAF]             * [* {th:insert}] [100]: org.thymeleaf.standard.processor.StandardInsertTagProcessor
[THYMELEAF]             * [* {th:replace}] [100]: org.thymeleaf.standard.processor.StandardReplaceTagProcessor
[THYMELEAF]             * [* {th:each}] [200]: com.intuit.karate.template.KarateEachTagProcessor
[THYMELEAF]             * [* {th:switch}] [250]: org.thymeleaf.standard.processor.StandardSwitchTagProcessor
[THYMELEAF]             * [* {th:case}] [275]: org.thymeleaf.standard.processor.StandardCaseTagProcessor
[THYMELEAF]             * [* {th:if}] [300]: org.thymeleaf.standard.processor.StandardIfTagProcessor
[THYMELEAF]             * [* {th:unless}] [400]: org.thymeleaf.standard.processor.StandardUnlessTagProcessor
[THYMELEAF]             * [* {th:object}] [500]: org.thymeleaf.standard.processor.StandardObjectTagProcessor
[THYMELEAF]             * [* {th:with}] [600]: com.intuit.karate.template.KarateWithTagProcessor
[THYMELEAF]             * [* {th:attr}] [700]: com.intuit.karate.template.KarateAttributeTagProcessor.KarateAttrTagProcessor
[THYMELEAF]             * [* {th:attrappend}] [900]: com.intuit.karate.template.KarateAttributeTagProcessor.KarateAttrappendTagProcessor
[THYMELEAF]             * [* {th:attrprepend}] [900]: com.intuit.karate.template.KarateAttributeTagProcessor.KarateAttrprependTagProcessor
[THYMELEAF]             * [* {th:inline}] [1000]: org.thymeleaf.standard.processor.StandardInlineXMLTagProcessor
[THYMELEAF]             * [* {xmlns:th}] [1000]: org.thymeleaf.standard.processor.StandardXmlNsTagProcessor
[THYMELEAF]             * [* {th:text}] [1300]: org.thymeleaf.standard.processor.StandardTextTagProcessor
[THYMELEAF]             * [* {th:utext}] [1400]: org.thymeleaf.standard.processor.StandardUtextTagProcessor
[THYMELEAF]             * [* {th:fragment}] [1500]: org.thymeleaf.standard.processor.StandardFragmentTagProcessor
[THYMELEAF]             * [* {th:assert}] [1550]: org.thymeleaf.standard.processor.StandardAssertTagProcessor
[THYMELEAF]             * [* {th:remove}] [1600]: org.thymeleaf.standard.processor.StandardRemoveTagProcessor
[THYMELEAF]             * [* {th:ref}] [10000]: org.thymeleaf.standard.processor.StandardRefAttributeTagProcessor
[THYMELEAF]             * [{th:block} *] [100000]: org.thymeleaf.standard.processor.StandardBlockTagProcessor
[THYMELEAF]             * [* th:*] [2147483647]: org.thymeleaf.standard.processor.StandardDefaultAttributesTagProcessor
[THYMELEAF]         * Text Processors by [precedence]:
[THYMELEAF]             * [1000]: org.thymeleaf.standard.processor.StandardInliningTextProcessor
[THYMELEAF]         * CDATA Section Processors by [precedence]:
[THYMELEAF]             * [1000]: org.thymeleaf.standard.processor.StandardInliningCDATASectionProcessor
[THYMELEAF]         * Comment Processors by [precedence]:
[THYMELEAF]             * [1000]: org.thymeleaf.standard.processor.StandardInliningCommentProcessor
[THYMELEAF]     * Processors for Template Mode: TEXT
[THYMELEAF]         * Element Tag Processors by [matching element and attribute name] [precedence]:
[THYMELEAF]             * [* {th:insert}] [100]: org.thymeleaf.standard.processor.StandardInsertTagProcessor
[THYMELEAF]             * [* {th:replace}] [100]: org.thymeleaf.standard.processor.StandardReplaceTagProcessor
[THYMELEAF]             * [* {th:each}] [200]: com.intuit.karate.template.KarateEachTagProcessor
[THYMELEAF]             * [* {th:switch}] [250]: org.thymeleaf.standard.processor.StandardSwitchTagProcessor
[THYMELEAF]             * [* {th:case}] [275]: org.thymeleaf.standard.processor.StandardCaseTagProcessor
[THYMELEAF]             * [* {th:if}] [300]: org.thymeleaf.standard.processor.StandardIfTagProcessor
[THYMELEAF]             * [* {th:unless}] [400]: org.thymeleaf.standard.processor.StandardUnlessTagProcessor
[THYMELEAF]             * [* {th:object}] [500]: org.thymeleaf.standard.processor.StandardObjectTagProcessor
[THYMELEAF]             * [* {th:with}] [600]: com.intuit.karate.template.KarateWithTagProcessor
[THYMELEAF]             * [* {th:inline}] [1000]: org.thymeleaf.standard.processor.StandardInlineTextualTagProcessor
[THYMELEAF]             * [* {th:text}] [1300]: org.thymeleaf.standard.processor.StandardTextTagProcessor
[THYMELEAF]             * [* {th:utext}] [1400]: org.thymeleaf.standard.processor.StandardUtextTagProcessor
[THYMELEAF]             * [* {th:assert}] [1550]: org.thymeleaf.standard.processor.StandardAssertTagProcessor
[THYMELEAF]             * [* {th:remove}] [1600]: org.thymeleaf.standard.processor.StandardRemoveTagProcessor
[THYMELEAF]             * [* 100000] [org.thymeleaf.standard.processor.StandardBlockTagProcessor]: {}
[THYMELEAF]             * [{th:block} *] [100000]: org.thymeleaf.standard.processor.StandardBlockTagProcessor
[THYMELEAF]         * Text Processors by [precedence]:
[THYMELEAF]             * [1000]: org.thymeleaf.standard.processor.StandardInliningTextProcessor
[THYMELEAF]     * Processors for Template Mode: JAVASCRIPT
[THYMELEAF]         * Element Tag Processors by [matching element and attribute name] [precedence]:
[THYMELEAF]             * [* {th:insert}] [100]: org.thymeleaf.standard.processor.StandardInsertTagProcessor
[THYMELEAF]             * [* {th:replace}] [100]: org.thymeleaf.standard.processor.StandardReplaceTagProcessor
[THYMELEAF]             * [* {th:each}] [200]: com.intuit.karate.template.KarateEachTagProcessor
[THYMELEAF]             * [* {th:switch}] [250]: org.thymeleaf.standard.processor.StandardSwitchTagProcessor
[THYMELEAF]             * [* {th:case}] [275]: org.thymeleaf.standard.processor.StandardCaseTagProcessor
[THYMELEAF]             * [* {th:if}] [300]: org.thymeleaf.standard.processor.StandardIfTagProcessor
[THYMELEAF]             * [* {th:unless}] [400]: org.thymeleaf.standard.processor.StandardUnlessTagProcessor
[THYMELEAF]             * [* {th:object}] [500]: org.thymeleaf.standard.processor.StandardObjectTagProcessor
[THYMELEAF]             * [* {th:with}] [600]: com.intuit.karate.template.KarateWithTagProcessor
[THYMELEAF]             * [* {th:inline}] [1000]: org.thymeleaf.standard.processor.StandardInlineTextualTagProcessor
[THYMELEAF]             * [* {th:text}] [1300]: org.thymeleaf.standard.processor.StandardTextTagProcessor
[THYMELEAF]             * [* {th:utext}] [1400]: org.thymeleaf.standard.processor.StandardUtextTagProcessor
[THYMELEAF]             * [* {th:assert}] [1550]: org.thymeleaf.standard.processor.StandardAssertTagProcessor
[THYMELEAF]             * [* {th:remove}] [1600]: org.thymeleaf.standard.processor.StandardRemoveTagProcessor
[THYMELEAF]             * [{th:block} *] [100000]: org.thymeleaf.standard.processor.StandardBlockTagProcessor
[THYMELEAF]             * [* 100000] [org.thymeleaf.standard.processor.StandardBlockTagProcessor]: {}
[THYMELEAF]         * Text Processors by [precedence]:
[THYMELEAF]             * [1000]: org.thymeleaf.standard.processor.StandardInliningTextProcessor
[THYMELEAF]     * Processors for Template Mode: CSS
[THYMELEAF]         * Element Tag Processors by [matching element and attribute name] [precedence]:
[THYMELEAF]             * [* {th:insert}] [100]: org.thymeleaf.standard.processor.StandardInsertTagProcessor
[THYMELEAF]             * [* {th:replace}] [100]: org.thymeleaf.standard.processor.StandardReplaceTagProcessor
[THYMELEAF]             * [* {th:each}] [200]: com.intuit.karate.template.KarateEachTagProcessor
[THYMELEAF]             * [* {th:switch}] [250]: org.thymeleaf.standard.processor.StandardSwitchTagProcessor
[THYMELEAF]             * [* {th:case}] [275]: org.thymeleaf.standard.processor.StandardCaseTagProcessor
[THYMELEAF]             * [* {th:if}] [300]: org.thymeleaf.standard.processor.StandardIfTagProcessor
[THYMELEAF]             * [* {th:unless}] [400]: org.thymeleaf.standard.processor.StandardUnlessTagProcessor
[THYMELEAF]             * [* {th:object}] [500]: org.thymeleaf.standard.processor.StandardObjectTagProcessor
[THYMELEAF]             * [* {th:with}] [600]: com.intuit.karate.template.KarateWithTagProcessor
[THYMELEAF]             * [* {th:inline}] [1000]: org.thymeleaf.standard.processor.StandardInlineTextualTagProcessor
[THYMELEAF]             * [* {th:text}] [1300]: org.thymeleaf.standard.processor.StandardTextTagProcessor
[THYMELEAF]             * [* {th:utext}] [1400]: org.thymeleaf.standard.processor.StandardUtextTagProcessor
[THYMELEAF]             * [* {th:assert}] [1550]: org.thymeleaf.standard.processor.StandardAssertTagProcessor
[THYMELEAF]             * [* {th:remove}] [1600]: org.thymeleaf.standard.processor.StandardRemoveTagProcessor
[THYMELEAF]             * [* 100000] [org.thymeleaf.standard.processor.StandardBlockTagProcessor]: {}
[THYMELEAF]             * [{th:block} *] [100000]: org.thymeleaf.standard.processor.StandardBlockTagProcessor
[THYMELEAF]         * Text Processors by [precedence]:
[THYMELEAF]             * [1000]: org.thymeleaf.standard.processor.StandardInliningTextProcessor
[THYMELEAF]     * Expression Objects:
[THYMELEAF]         * #ctx
[THYMELEAF]         * #root
[THYMELEAF]         * #vars
[THYMELEAF]         * #object
[THYMELEAF]         * #locale
[THYMELEAF]         * #conversions
[THYMELEAF]         * #uris
[THYMELEAF]         * #temporals
[THYMELEAF]         * #calendars
[THYMELEAF]         * #dates
[THYMELEAF]         * #bools
[THYMELEAF]         * #numbers
[THYMELEAF]         * #objects
[THYMELEAF]         * #strings
[THYMELEAF]         * #arrays
[THYMELEAF]         * #lists
[THYMELEAF]         * #sets
[THYMELEAF]         * #maps
[THYMELEAF]         * #aggregates
[THYMELEAF]         * #messages
[THYMELEAF]         * #ids
[THYMELEAF]         * #execInfo
[THYMELEAF]         * #request
[THYMELEAF]         * #response
[THYMELEAF]         * #session
[THYMELEAF]         * #servletContext
[THYMELEAF]     * Execution Attributes:
[THYMELEAF]         * "StandardExpressionParser": com.intuit.karate.template.KarateStandardDialect@2e349cf2
[THYMELEAF]         * "StandardJavaScriptSerializer": org.thymeleaf.standard.serializer.StandardJavaScriptSerializer@e72fb04
[THYMELEAF]         * "StandardCSSSerializer": org.thymeleaf.standard.serializer.StandardCSSSerializer@1533338c
[THYMELEAF]         * "StandardVariableExpressionEvaluator": com.intuit.karate.template.KarateStandardDialect@2e349cf2
[THYMELEAF]         * "StandardConversionService": org.thymeleaf.standard.expression.StandardConversionService@4315fe1b
[THYMELEAF] * Dialect [2 of 2]: karate (com.intuit.karate.template.KarateScriptDialect)
[THYMELEAF]     * Prefix: "ka"
[THYMELEAF]     * Processors for Template Mode: HTML
[THYMELEAF]         * Element Tag Processors by [matching element and attribute name] [precedence]:
[THYMELEAF]             * [* {src}] [1000]: com.intuit.karate.template.KaScriptAttrProcessor
[THYMELEAF]         * Element Model Processors by [matching element and attribute name] [precedence]:
[THYMELEAF]             * [{script} {ka:scope,data-ka-scope}] [1000]: com.intuit.karate.template.KaScriptElemProcessor
[THYMELEAF]             * [* {ka:set,data-ka-set}] [1000]: com.intuit.karate.template.KaSetElemProcessor
[THYMELEAF] TEMPLATE ENGINE CONFIGURED OK
16:18:42.874 [main] DEBUG org.thymeleaf.TemplateEngine -- [THYMELEAF] TEMPLATE ENGINE INITIALIZED

HTML report: (paste into browser to view) | Karate version: 1.4.1
file:///home/rock/Documents/Dev/sites/conecta-page/tests/api/karate/target/karate-reports/karate-summary.html
===================================================================

]]></system-out>
  </testcase>
</testsuite>